[0.025s] Invoking command in '/home/omar/repos/Robotics_intro_task/build/cpp_pub': CMAKE_PREFIX_PATH=/opt/ros/humble /usr/bin/cmake --build /home/omar/repos/Robotics_intro_task/build/cpp_pub -- -j8 -l8
[0.135s] [35m[1mConsolidate compiler generated dependencies of target talker[0m
[0.152s] [ 50%] [32mBuilding CXX object CMakeFiles/talker.dir/src/publisher.cpp.o[0m
[7.592s] [100%] [32m[1mLinking CXX executable talker[0m
[7.915s] [100%] Built target talker
[7.937s] Invoked command in '/home/omar/repos/Robotics_intro_task/build/cpp_pub' returned '0': CMAKE_PREFIX_PATH=/opt/ros/humble /usr/bin/cmake --build /home/omar/repos/Robotics_intro_task/build/cpp_pub -- -j8 -l8
[7.982s] Invoking command in '/home/omar/repos/Robotics_intro_task/build/cpp_pub': CMAKE_PREFIX_PATH=/opt/ros/humble /usr/bin/cmake --install /home/omar/repos/Robotics_intro_task/build/cpp_pub
[7.993s] -- Install configuration: ""
[7.995s] -- Installing: /home/omar/repos/Robotics_intro_task/install/cpp_pub/lib/cpp_pub/talker
[7.998s] -- Set runtime path of "/home/omar/repos/Robotics_intro_task/install/cpp_pub/lib/cpp_pub/talker" to ""
[7.999s] -- Up-to-date: /home/omar/repos/Robotics_intro_task/install/cpp_pub/share/ament_index/resource_index/package_run_dependencies/cpp_pub
[8.000s] -- Up-to-date: /home/omar/repos/Robotics_intro_task/install/cpp_pub/share/ament_index/resource_index/parent_prefix_path/cpp_pub
[8.002s] -- Up-to-date: /home/omar/repos/Robotics_intro_task/install/cpp_pub/share/cpp_pub/environment/ament_prefix_path.sh
[8.002s] -- Up-to-date: /home/omar/repos/Robotics_intro_task/install/cpp_pub/share/cpp_pub/environment/ament_prefix_path.dsv
[8.002s] -- Up-to-date: /home/omar/repos/Robotics_intro_task/install/cpp_pub/share/cpp_pub/environment/path.sh
[8.003s] -- Up-to-date: /home/omar/repos/Robotics_intro_task/install/cpp_pub/share/cpp_pub/environment/path.dsv
[8.003s] -- Up-to-date: /home/omar/repos/Robotics_intro_task/install/cpp_pub/share/cpp_pub/local_setup.bash
[8.003s] -- Up-to-date: /home/omar/repos/Robotics_intro_task/install/cpp_pub/share/cpp_pub/local_setup.sh
[8.003s] -- Up-to-date: /home/omar/repos/Robotics_intro_task/install/cpp_pub/share/cpp_pub/local_setup.zsh
[8.003s] -- Up-to-date: /home/omar/repos/Robotics_intro_task/install/cpp_pub/share/cpp_pub/local_setup.dsv
[8.004s] -- Installing: /home/omar/repos/Robotics_intro_task/install/cpp_pub/share/cpp_pub/package.dsv
[8.005s] -- Up-to-date: /home/omar/repos/Robotics_intro_task/install/cpp_pub/share/ament_index/resource_index/packages/cpp_pub
[8.005s] -- Up-to-date: /home/omar/repos/Robotics_intro_task/install/cpp_pub/share/cpp_pub/cmake/cpp_pubConfig.cmake
[8.005s] -- Up-to-date: /home/omar/repos/Robotics_intro_task/install/cpp_pub/share/cpp_pub/cmake/cpp_pubConfig-version.cmake
[8.006s] -- Up-to-date: /home/omar/repos/Robotics_intro_task/install/cpp_pub/share/cpp_pub/package.xml
[8.009s] Invoked command in '/home/omar/repos/Robotics_intro_task/build/cpp_pub' returned '0': CMAKE_PREFIX_PATH=/opt/ros/humble /usr/bin/cmake --install /home/omar/repos/Robotics_intro_task/build/cpp_pub
