[0.238s] DEBUG:colcon:Command line arguments: ['/usr/bin/colcon', 'build']
[0.238s] DEBUG:colcon:Parsed command line arguments: Namespace(log_base=None, log_level=None, verb_name='build', build_base='build', install_base='install', merge_install=False, symlink_install=False, test_result_base=None, continue_on_error=False, executor='parallel', parallel_workers=8, event_handlers=None, ignore_user_meta=False, metas=['./colcon.meta'], base_paths=['.'], packages_ignore=None, packages_ignore_regex=None, paths=None, packages_up_to=None, packages_up_to_regex=None, packages_above=None, packages_above_and_dependencies=None, packages_above_depth=None, packages_select_by_dep=None, packages_skip_by_dep=None, packages_skip_up_to=None, packages_select_build_failed=False, packages_skip_build_finished=False, packages_select_test_failures=False, packages_skip_test_passed=False, packages_select=None, packages_skip=None, packages_select_regex=None, packages_skip_regex=None, packages_start=None, packages_end=None, allow_overriding=[], cmake_args=None, cmake_target=None, cmake_target_skip_unavailable=False, cmake_clean_cache=False, cmake_clean_first=False, cmake_force_configure=False, ament_cmake_args=None, catkin_cmake_args=None, catkin_skip_building_tests=False, verb_parser=<colcon_defaults.argument_parser.defaults.DefaultArgumentsDecorator object at 0x7f170700ae00>, verb_extension=<colcon_core.verb.build.BuildVerb object at 0x7f17071cfd90>, main=<bound method BuildVerb.main of <colcon_core.verb.build.BuildVerb object at 0x7f17071cfd90>>)
[0.257s] Level 1:colcon.colcon_core.package_discovery:discover_packages(colcon_meta) check parameters
[0.257s] Level 1:colcon.colcon_core.package_discovery:discover_packages(recursive) check parameters
[0.257s] Level 1:colcon.colcon_core.package_discovery:discover_packages(ignore) check parameters
[0.257s] Level 1:colcon.colcon_core.package_discovery:discover_packages(path) check parameters
[0.257s] Level 1:colcon.colcon_core.package_discovery:discover_packages(colcon_meta) discover
[0.257s] Level 1:colcon.colcon_core.package_discovery:discover_packages(recursive) discover
[0.257s] INFO:colcon.colcon_core.package_discovery:Crawling recursively for packages in '/home/omar/repos/Robotics_intro_task'
[0.257s] Level 1:colcon.colcon_core.package_identification:_identify(.) by extensions ['ignore', 'ignore_ament_install']
[0.257s] Level 1:colcon.colcon_core.package_identification:_identify(.) by extension 'ignore'
[0.257s] Level 1:colcon.colcon_core.package_identification:_identify(.) by extension 'ignore_ament_install'
[0.257s] Level 1:colcon.colcon_core.package_identification:_identify(.) by extensions ['colcon_pkg']
[0.257s] Level 1:colcon.colcon_core.package_identification:_identify(.) by extension 'colcon_pkg'
[0.257s] Level 1:colcon.colcon_core.package_identification:_identify(.) by extensions ['colcon_meta']
[0.257s] Level 1:colcon.colcon_core.package_identification:_identify(.) by extension 'colcon_meta'
[0.257s] Level 1:colcon.colcon_core.package_identification:_identify(.) by extensions ['ros']
[0.257s] Level 1:colcon.colcon_core.package_identification:_identify(.) by extension 'ros'
[0.276s] Level 1:colcon.colcon_core.package_identification:_identify(.) by extensions ['cmake', 'python']
[0.276s] Level 1:colcon.colcon_core.package_identification:_identify(.) by extension 'cmake'
[0.276s] Level 1:colcon.colcon_core.package_identification:_identify(.) by extension 'python'
[0.276s] Level 1:colcon.colcon_core.package_identification:_identify(.) by extensions ['python_setup_py']
[0.276s] Level 1:colcon.colcon_core.package_identification:_identify(.) by extension 'python_setup_py'
[0.276s] Level 1:colcon.colcon_core.package_identification:_identify(build) by extensions ['ignore', 'ignore_ament_install']
[0.276s] Level 1:colcon.colcon_core.package_identification:_identify(build) by extension 'ignore'
[0.276s] Level 1:colcon.colcon_core.package_identification:_identify(build) ignored
[0.276s] Level 1:colcon.colcon_core.package_identification:_identify(install) by extensions ['ignore', 'ignore_ament_install']
[0.276s] Level 1:colcon.colcon_core.package_identification:_identify(install) by extension 'ignore'
[0.276s] Level 1:colcon.colcon_core.package_identification:_identify(install) ignored
[0.277s] Level 1:colcon.colcon_core.package_identification:_identify(log) by extensions ['ignore', 'ignore_ament_install']
[0.277s] Level 1:colcon.colcon_core.package_identification:_identify(log) by extension 'ignore'
[0.277s] Level 1:colcon.colcon_core.package_identification:_identify(log) ignored
[0.277s] Level 1:colcon.colcon_core.package_identification:_identify(src) by extensions ['ignore', 'ignore_ament_install']
[0.277s] Level 1:colcon.colcon_core.package_identification:_identify(src) by extension 'ignore'
[0.277s] Level 1:colcon.colcon_core.package_identification:_identify(src) by extension 'ignore_ament_install'
[0.277s] Level 1:colcon.colcon_core.package_identification:_identify(src) by extensions ['colcon_pkg']
[0.277s] Level 1:colcon.colcon_core.package_identification:_identify(src) by extension 'colcon_pkg'
[0.277s] Level 1:colcon.colcon_core.package_identification:_identify(src) by extensions ['colcon_meta']
[0.277s] Level 1:colcon.colcon_core.package_identification:_identify(src) by extension 'colcon_meta'
[0.277s] Level 1:colcon.colcon_core.package_identification:_identify(src) by extensions ['ros']
[0.277s] Level 1:colcon.colcon_core.package_identification:_identify(src) by extension 'ros'
[0.277s] Level 1:colcon.colcon_core.package_identification:_identify(src) by extensions ['cmake', 'python']
[0.277s] Level 1:colcon.colcon_core.package_identification:_identify(src) by extension 'cmake'
[0.277s] Level 1:colcon.colcon_core.package_identification:_identify(src) by extension 'python'
[0.277s] Level 1:colcon.colcon_core.package_identification:_identify(src) by extensions ['python_setup_py']
[0.277s] Level 1:colcon.colcon_core.package_identification:_identify(src) by extension 'python_setup_py'
[0.278s] Level 1:colcon.colcon_core.package_identification:_identify(src/cpp_pub) by extensions ['ignore', 'ignore_ament_install']
[0.278s] Level 1:colcon.colcon_core.package_identification:_identify(src/cpp_pub) by extension 'ignore'
[0.278s] Level 1:colcon.colcon_core.package_identification:_identify(src/cpp_pub) by extension 'ignore_ament_install'
[0.278s] Level 1:colcon.colcon_core.package_identification:_identify(src/cpp_pub) by extensions ['colcon_pkg']
[0.278s] Level 1:colcon.colcon_core.package_identification:_identify(src/cpp_pub) by extension 'colcon_pkg'
[0.278s] Level 1:colcon.colcon_core.package_identification:_identify(src/cpp_pub) by extensions ['colcon_meta']
[0.278s] Level 1:colcon.colcon_core.package_identification:_identify(src/cpp_pub) by extension 'colcon_meta'
[0.278s] Level 1:colcon.colcon_core.package_identification:_identify(src/cpp_pub) by extensions ['ros']
[0.278s] Level 1:colcon.colcon_core.package_identification:_identify(src/cpp_pub) by extension 'ros'
[0.280s] DEBUG:colcon.colcon_core.package_identification:Package 'src/cpp_pub' with type 'ros.ament_cmake' and name 'cpp_pub'
[0.280s] Level 1:colcon.colcon_core.package_identification:_identify(src/py_sub) by extensions ['ignore', 'ignore_ament_install']
[0.280s] Level 1:colcon.colcon_core.package_identification:_identify(src/py_sub) by extension 'ignore'
[0.280s] Level 1:colcon.colcon_core.package_identification:_identify(src/py_sub) by extension 'ignore_ament_install'
[0.280s] Level 1:colcon.colcon_core.package_identification:_identify(src/py_sub) by extensions ['colcon_pkg']
[0.280s] Level 1:colcon.colcon_core.package_identification:_identify(src/py_sub) by extension 'colcon_pkg'
[0.281s] Level 1:colcon.colcon_core.package_identification:_identify(src/py_sub) by extensions ['colcon_meta']
[0.281s] Level 1:colcon.colcon_core.package_identification:_identify(src/py_sub) by extension 'colcon_meta'
[0.281s] Level 1:colcon.colcon_core.package_identification:_identify(src/py_sub) by extensions ['ros']
[0.281s] Level 1:colcon.colcon_core.package_identification:_identify(src/py_sub) by extension 'ros'
[0.281s] DEBUG:colcon.colcon_core.package_identification:Package 'src/py_sub' with type 'ros.ament_python' and name 'py_sub'
[0.281s] Level 1:colcon.colcon_core.package_discovery:discover_packages(recursive) using defaults
[0.281s] Level 1:colcon.colcon_core.package_discovery:discover_packages(ignore) discover
[0.281s] Level 1:colcon.colcon_core.package_discovery:discover_packages(ignore) using defaults
[0.281s] Level 1:colcon.colcon_core.package_discovery:discover_packages(path) discover
[0.281s] Level 1:colcon.colcon_core.package_discovery:discover_packages(path) using defaults
[0.303s] Level 1:colcon.colcon_core.package_discovery:discover_packages(prefix_path) check parameters
[0.303s] Level 1:colcon.colcon_core.package_discovery:discover_packages(prefix_path) discover
[0.306s] DEBUG:colcon.colcon_installed_package_information.package_discovery:Found 283 installed packages in /opt/ros/humble
[0.307s] Level 1:colcon.colcon_core.package_discovery:discover_packages(prefix_path) using defaults
[0.359s] Level 5:colcon.colcon_core.verb:set package 'cpp_pub' build argument 'cmake_args' from command line to 'None'
[0.359s] Level 5:colcon.colcon_core.verb:set package 'cpp_pub' build argument 'cmake_target' from command line to 'None'
[0.359s] Level 5:colcon.colcon_core.verb:set package 'cpp_pub' build argument 'cmake_target_skip_unavailable' from command line to 'False'
[0.359s] Level 5:colcon.colcon_core.verb:set package 'cpp_pub' build argument 'cmake_clean_cache' from command line to 'False'
[0.359s] Level 5:colcon.colcon_core.verb:set package 'cpp_pub' build argument 'cmake_clean_first' from command line to 'False'
[0.359s] Level 5:colcon.colcon_core.verb:set package 'cpp_pub' build argument 'cmake_force_configure' from command line to 'False'
[0.359s] Level 5:colcon.colcon_core.verb:set package 'cpp_pub' build argument 'ament_cmake_args' from command line to 'None'
[0.359s] Level 5:colcon.colcon_core.verb:set package 'cpp_pub' build argument 'catkin_cmake_args' from command line to 'None'
[0.359s] Level 5:colcon.colcon_core.verb:set package 'cpp_pub' build argument 'catkin_skip_building_tests' from command line to 'False'
[0.359s] DEBUG:colcon.colcon_core.verb:Building package 'cpp_pub' with the following arguments: {'ament_cmake_args': None, 'build_base': '/home/omar/repos/Robotics_intro_task/build/cpp_pub', 'catkin_cmake_args': None, 'catkin_skip_building_tests': False, 'cmake_args': None, 'cmake_clean_cache': False, 'cmake_clean_first': False, 'cmake_force_configure': False, 'cmake_target': None, 'cmake_target_skip_unavailable': False, 'install_base': '/home/omar/repos/Robotics_intro_task/install/cpp_pub', 'merge_install': False, 'path': '/home/omar/repos/Robotics_intro_task/src/cpp_pub', 'symlink_install': False, 'test_result_base': None}
[0.360s] Level 5:colcon.colcon_core.verb:set package 'py_sub' build argument 'cmake_args' from command line to 'None'
[0.361s] Level 5:colcon.colcon_core.verb:set package 'py_sub' build argument 'cmake_target' from command line to 'None'
[0.361s] Level 5:colcon.colcon_core.verb:set package 'py_sub' build argument 'cmake_target_skip_unavailable' from command line to 'False'
[0.361s] Level 5:colcon.colcon_core.verb:set package 'py_sub' build argument 'cmake_clean_cache' from command line to 'False'
[0.361s] Level 5:colcon.colcon_core.verb:set package 'py_sub' build argument 'cmake_clean_first' from command line to 'False'
[0.361s] Level 5:colcon.colcon_core.verb:set package 'py_sub' build argument 'cmake_force_configure' from command line to 'False'
[0.361s] Level 5:colcon.colcon_core.verb:set package 'py_sub' build argument 'ament_cmake_args' from command line to 'None'
[0.361s] Level 5:colcon.colcon_core.verb:set package 'py_sub' build argument 'catkin_cmake_args' from command line to 'None'
[0.361s] Level 5:colcon.colcon_core.verb:set package 'py_sub' build argument 'catkin_skip_building_tests' from command line to 'False'
[0.361s] DEBUG:colcon.colcon_core.verb:Building package 'py_sub' with the following arguments: {'ament_cmake_args': None, 'build_base': '/home/omar/repos/Robotics_intro_task/build/py_sub', 'catkin_cmake_args': None, 'catkin_skip_building_tests': False, 'cmake_args': None, 'cmake_clean_cache': False, 'cmake_clean_first': False, 'cmake_force_configure': False, 'cmake_target': None, 'cmake_target_skip_unavailable': False, 'install_base': '/home/omar/repos/Robotics_intro_task/install/py_sub', 'merge_install': False, 'path': '/home/omar/repos/Robotics_intro_task/src/py_sub', 'symlink_install': False, 'test_result_base': None}
[0.362s] INFO:colcon.colcon_core.executor:Executing jobs using 'parallel' executor
[0.365s] DEBUG:colcon.colcon_parallel_executor.executor.parallel:run_until_complete
[0.365s] INFO:colcon.colcon_ros.task.ament_cmake.build:Building ROS package in '/home/omar/repos/Robotics_intro_task/src/cpp_pub' with build type 'ament_cmake'
[0.365s] INFO:colcon.colcon_cmake.task.cmake.build:Building CMake package in '/home/omar/repos/Robotics_intro_task/src/cpp_pub'
[0.369s] INFO:colcon.colcon_core.plugin_system:Skipping extension 'colcon_core.shell.bat': Not used on non-Windows systems
[0.370s] INFO:colcon.colcon_core.shell:Skip shell extension 'powershell' for command environment: Not usable outside of PowerShell
[0.370s] DEBUG:colcon.colcon_core.shell:Skip shell extension 'dsv' for command environment
[0.372s] INFO:colcon.colcon_ros.task.ament_python.build:Building ROS package in '/home/omar/repos/Robotics_intro_task/src/py_sub' with build type 'ament_python'
[0.373s] Level 1:colcon.colcon_core.shell:create_environment_hook('py_sub', 'ament_prefix_path')
[0.374s] INFO:colcon.colcon_core.shell:Creating environment hook '/home/omar/repos/Robotics_intro_task/install/py_sub/share/py_sub/hook/ament_prefix_path.ps1'
[0.375s] INFO:colcon.colcon_core.shell:Creating environment descriptor '/home/omar/repos/Robotics_intro_task/install/py_sub/share/py_sub/hook/ament_prefix_path.dsv'
[0.375s] INFO:colcon.colcon_core.shell:Creating environment hook '/home/omar/repos/Robotics_intro_task/install/py_sub/share/py_sub/hook/ament_prefix_path.sh'
[0.376s] INFO:colcon.colcon_core.shell:Skip shell extension 'powershell' for command environment: Not usable outside of PowerShell
[0.376s] DEBUG:colcon.colcon_core.shell:Skip shell extension 'dsv' for command environment
[0.385s] DEBUG:colcon.colcon_core.event_handler.log_command:Invoking command in '/home/omar/repos/Robotics_intro_task/build/cpp_pub': CMAKE_PREFIX_PATH=/opt/ros/humble /usr/bin/cmake --build /home/omar/repos/Robotics_intro_task/build/cpp_pub -- -j8 -l8
[0.609s] INFO:colcon.colcon_core.task.python.build:Building Python package in '/home/omar/repos/Robotics_intro_task/src/py_sub'
[0.610s] INFO:colcon.colcon_core.shell:Skip shell extension 'powershell' for command environment: Not usable outside of PowerShell
[0.610s] DEBUG:colcon.colcon_core.shell:Skip shell extension 'dsv' for command environment
[0.614s] DEBUG:colcon.colcon_core.event_handler.log_command:Invoked command in '/home/omar/repos/Robotics_intro_task/build/cpp_pub' returned '0': CMAKE_PREFIX_PATH=/opt/ros/humble /usr/bin/cmake --build /home/omar/repos/Robotics_intro_task/build/cpp_pub -- -j8 -l8
[0.638s] DEBUG:colcon.colcon_core.event_handler.log_command:Invoking command in '/home/omar/repos/Robotics_intro_task/build/cpp_pub': CMAKE_PREFIX_PATH=/opt/ros/humble /usr/bin/cmake --install /home/omar/repos/Robotics_intro_task/build/cpp_pub
[0.645s] Level 1:colcon.colcon_core.environment:create_environment_scripts_only(cpp_pub)
[0.646s] DEBUG:colcon.colcon_core.event_handler.log_command:Invoked command in '/home/omar/repos/Robotics_intro_task/build/cpp_pub' returned '0': CMAKE_PREFIX_PATH=/opt/ros/humble /usr/bin/cmake --install /home/omar/repos/Robotics_intro_task/build/cpp_pub
[0.650s] Level 1:colcon.colcon_core.environment:checking '/home/omar/repos/Robotics_intro_task/install/cpp_pub' for CMake module files
[0.650s] Level 1:colcon.colcon_core.environment:checking '/home/omar/repos/Robotics_intro_task/install/cpp_pub' for CMake config files
[0.651s] Level 1:colcon.colcon_core.shell:create_environment_hook('cpp_pub', 'cmake_prefix_path')
[0.652s] INFO:colcon.colcon_core.shell:Creating environment hook '/home/omar/repos/Robotics_intro_task/install/cpp_pub/share/cpp_pub/hook/cmake_prefix_path.ps1'
[0.652s] INFO:colcon.colcon_core.shell:Creating environment descriptor '/home/omar/repos/Robotics_intro_task/install/cpp_pub/share/cpp_pub/hook/cmake_prefix_path.dsv'
[0.653s] INFO:colcon.colcon_core.shell:Creating environment hook '/home/omar/repos/Robotics_intro_task/install/cpp_pub/share/cpp_pub/hook/cmake_prefix_path.sh'
[0.653s] Level 1:colcon.colcon_core.environment:checking '/home/omar/repos/Robotics_intro_task/install/cpp_pub/lib'
[0.653s] Level 1:colcon.colcon_core.environment:checking '/home/omar/repos/Robotics_intro_task/install/cpp_pub/bin'
[0.654s] Level 1:colcon.colcon_core.environment:checking '/home/omar/repos/Robotics_intro_task/install/cpp_pub/lib/pkgconfig/cpp_pub.pc'
[0.654s] Level 1:colcon.colcon_core.environment:checking '/home/omar/repos/Robotics_intro_task/install/cpp_pub/lib/python3.10/site-packages'
[0.654s] Level 1:colcon.colcon_core.environment:checking '/home/omar/repos/Robotics_intro_task/install/cpp_pub/bin'
[0.655s] INFO:colcon.colcon_core.shell:Creating package script '/home/omar/repos/Robotics_intro_task/install/cpp_pub/share/cpp_pub/package.ps1'
[0.656s] INFO:colcon.colcon_core.shell:Creating package descriptor '/home/omar/repos/Robotics_intro_task/install/cpp_pub/share/cpp_pub/package.dsv'
[0.656s] INFO:colcon.colcon_core.shell:Creating package script '/home/omar/repos/Robotics_intro_task/install/cpp_pub/share/cpp_pub/package.sh'
[0.657s] INFO:colcon.colcon_core.shell:Creating package script '/home/omar/repos/Robotics_intro_task/install/cpp_pub/share/cpp_pub/package.bash'
[0.657s] INFO:colcon.colcon_core.shell:Creating package script '/home/omar/repos/Robotics_intro_task/install/cpp_pub/share/cpp_pub/package.zsh'
[0.658s] Level 1:colcon.colcon_core.environment:create_file_with_runtime_dependencies(/home/omar/repos/Robotics_intro_task/install/cpp_pub/share/colcon-core/packages/cpp_pub)
[0.676s] Level 1:colcon.colcon_core.environment:create_environment_scripts_only(cpp_pub)
[0.677s] Level 1:colcon.colcon_core.environment:checking '/home/omar/repos/Robotics_intro_task/install/cpp_pub' for CMake module files
[0.678s] Level 1:colcon.colcon_core.environment:checking '/home/omar/repos/Robotics_intro_task/install/cpp_pub' for CMake config files
[0.678s] Level 1:colcon.colcon_core.shell:create_environment_hook('cpp_pub', 'cmake_prefix_path')
[0.679s] INFO:colcon.colcon_core.shell:Creating environment hook '/home/omar/repos/Robotics_intro_task/install/cpp_pub/share/cpp_pub/hook/cmake_prefix_path.ps1'
[0.679s] INFO:colcon.colcon_core.shell:Creating environment descriptor '/home/omar/repos/Robotics_intro_task/install/cpp_pub/share/cpp_pub/hook/cmake_prefix_path.dsv'
[0.680s] INFO:colcon.colcon_core.shell:Creating environment hook '/home/omar/repos/Robotics_intro_task/install/cpp_pub/share/cpp_pub/hook/cmake_prefix_path.sh'
[0.680s] Level 1:colcon.colcon_core.environment:checking '/home/omar/repos/Robotics_intro_task/install/cpp_pub/lib'
[0.680s] Level 1:colcon.colcon_core.environment:checking '/home/omar/repos/Robotics_intro_task/install/cpp_pub/bin'
[0.680s] Level 1:colcon.colcon_core.environment:checking '/home/omar/repos/Robotics_intro_task/install/cpp_pub/lib/pkgconfig/cpp_pub.pc'
[0.680s] Level 1:colcon.colcon_core.environment:checking '/home/omar/repos/Robotics_intro_task/install/cpp_pub/lib/python3.10/site-packages'
[0.680s] Level 1:colcon.colcon_core.environment:checking '/home/omar/repos/Robotics_intro_task/install/cpp_pub/bin'
[0.682s] INFO:colcon.colcon_core.shell:Creating package script '/home/omar/repos/Robotics_intro_task/install/cpp_pub/share/cpp_pub/package.ps1'
[0.683s] INFO:colcon.colcon_core.shell:Creating package descriptor '/home/omar/repos/Robotics_intro_task/install/cpp_pub/share/cpp_pub/package.dsv'
[0.683s] INFO:colcon.colcon_core.shell:Creating package script '/home/omar/repos/Robotics_intro_task/install/cpp_pub/share/cpp_pub/package.sh'
[0.684s] INFO:colcon.colcon_core.shell:Creating package script '/home/omar/repos/Robotics_intro_task/install/cpp_pub/share/cpp_pub/package.bash'
[0.684s] INFO:colcon.colcon_core.shell:Creating package script '/home/omar/repos/Robotics_intro_task/install/cpp_pub/share/cpp_pub/package.zsh'
[0.684s] Level 1:colcon.colcon_core.environment:create_file_with_runtime_dependencies(/home/omar/repos/Robotics_intro_task/install/cpp_pub/share/colcon-core/packages/cpp_pub)
[0.906s] DEBUG:colcon.colcon_core.event_handler.log_command:Invoking command in '/home/omar/repos/Robotics_intro_task/src/py_sub': PYTHONPATH=/home/omar/repos/Robotics_intro_task/install/py_sub/lib/python3.10/site-packages:${PYTHONPATH} /usr/bin/python3 setup.py egg_info --egg-base ../../build/py_sub build --build-base /home/omar/repos/Robotics_intro_task/build/py_sub/build install --prefix /home/omar/repos/Robotics_intro_task/install/py_sub --record /home/omar/repos/Robotics_intro_task/build/py_sub/install.log --single-version-externally-managed
[1.150s] Level 1:colcon.colcon_core.environment:checking '/home/omar/repos/Robotics_intro_task/install/py_sub' for CMake module files
[1.151s] DEBUG:colcon.colcon_core.event_handler.log_command:Invoked command in '/home/omar/repos/Robotics_intro_task/src/py_sub' returned '0': PYTHONPATH=/home/omar/repos/Robotics_intro_task/install/py_sub/lib/python3.10/site-packages:${PYTHONPATH} /usr/bin/python3 setup.py egg_info --egg-base ../../build/py_sub build --build-base /home/omar/repos/Robotics_intro_task/build/py_sub/build install --prefix /home/omar/repos/Robotics_intro_task/install/py_sub --record /home/omar/repos/Robotics_intro_task/build/py_sub/install.log --single-version-externally-managed
[1.151s] Level 1:colcon.colcon_core.environment:checking '/home/omar/repos/Robotics_intro_task/install/py_sub' for CMake config files
[1.152s] Level 1:colcon.colcon_core.environment:checking '/home/omar/repos/Robotics_intro_task/install/py_sub/lib'
[1.152s] Level 1:colcon.colcon_core.environment:checking '/home/omar/repos/Robotics_intro_task/install/py_sub/bin'
[1.152s] Level 1:colcon.colcon_core.environment:checking '/home/omar/repos/Robotics_intro_task/install/py_sub/lib/pkgconfig/py_sub.pc'
[1.152s] Level 1:colcon.colcon_core.environment:checking '/home/omar/repos/Robotics_intro_task/install/py_sub/lib/python3.10/site-packages'
[1.152s] Level 1:colcon.colcon_core.shell:create_environment_hook('py_sub', 'pythonpath')
[1.153s] INFO:colcon.colcon_core.shell:Creating environment hook '/home/omar/repos/Robotics_intro_task/install/py_sub/share/py_sub/hook/pythonpath.ps1'
[1.154s] INFO:colcon.colcon_core.shell:Creating environment descriptor '/home/omar/repos/Robotics_intro_task/install/py_sub/share/py_sub/hook/pythonpath.dsv'
[1.154s] INFO:colcon.colcon_core.shell:Creating environment hook '/home/omar/repos/Robotics_intro_task/install/py_sub/share/py_sub/hook/pythonpath.sh'
[1.154s] Level 1:colcon.colcon_core.environment:checking '/home/omar/repos/Robotics_intro_task/install/py_sub/bin'
[1.154s] Level 1:colcon.colcon_core.environment:create_environment_scripts_only(py_sub)
[1.155s] INFO:colcon.colcon_core.shell:Creating package script '/home/omar/repos/Robotics_intro_task/install/py_sub/share/py_sub/package.ps1'
[1.156s] INFO:colcon.colcon_core.shell:Creating package descriptor '/home/omar/repos/Robotics_intro_task/install/py_sub/share/py_sub/package.dsv'
[1.156s] INFO:colcon.colcon_core.shell:Creating package script '/home/omar/repos/Robotics_intro_task/install/py_sub/share/py_sub/package.sh'
[1.156s] INFO:colcon.colcon_core.shell:Creating package script '/home/omar/repos/Robotics_intro_task/install/py_sub/share/py_sub/package.bash'
[1.157s] INFO:colcon.colcon_core.shell:Creating package script '/home/omar/repos/Robotics_intro_task/install/py_sub/share/py_sub/package.zsh'
[1.157s] Level 1:colcon.colcon_core.environment:create_file_with_runtime_dependencies(/home/omar/repos/Robotics_intro_task/install/py_sub/share/colcon-core/packages/py_sub)
[1.157s] DEBUG:colcon.colcon_parallel_executor.executor.parallel:closing loop
[1.157s] DEBUG:colcon.colcon_parallel_executor.executor.parallel:loop closed
[1.157s] DEBUG:colcon.colcon_parallel_executor.executor.parallel:run_until_complete finished with '0'
[1.157s] DEBUG:colcon.colcon_core.event_reactor:joining thread
[1.162s] INFO:colcon.colcon_core.plugin_system:Skipping extension 'colcon_notification.desktop_notification.terminal_notifier': Not used on non-Darwin systems
[1.162s] INFO:colcon.colcon_core.plugin_system:Skipping extension 'colcon_notification.desktop_notification.win32': Not used on non-Windows systems
[1.162s] INFO:colcon.colcon_notification.desktop_notification:Sending desktop notification using 'notify2'
[1.170s] DEBUG:colcon.colcon_core.event_reactor:joined thread
[1.171s] INFO:colcon.colcon_core.shell:Creating prefix script '/home/omar/repos/Robotics_intro_task/install/local_setup.ps1'
[1.173s] INFO:colcon.colcon_core.shell:Creating prefix util module '/home/omar/repos/Robotics_intro_task/install/_local_setup_util_ps1.py'
[1.174s] INFO:colcon.colcon_core.shell:Creating prefix chain script '/home/omar/repos/Robotics_intro_task/install/setup.ps1'
[1.175s] INFO:colcon.colcon_core.shell:Creating prefix script '/home/omar/repos/Robotics_intro_task/install/local_setup.sh'
[1.175s] INFO:colcon.colcon_core.shell:Creating prefix util module '/home/omar/repos/Robotics_intro_task/install/_local_setup_util_sh.py'
[1.176s] INFO:colcon.colcon_core.shell:Creating prefix chain script '/home/omar/repos/Robotics_intro_task/install/setup.sh'
[1.177s] INFO:colcon.colcon_core.shell:Creating prefix script '/home/omar/repos/Robotics_intro_task/install/local_setup.bash'
[1.177s] INFO:colcon.colcon_core.shell:Creating prefix chain script '/home/omar/repos/Robotics_intro_task/install/setup.bash'
[1.178s] INFO:colcon.colcon_core.shell:Creating prefix script '/home/omar/repos/Robotics_intro_task/install/local_setup.zsh'
[1.178s] INFO:colcon.colcon_core.shell:Creating prefix chain script '/home/omar/repos/Robotics_intro_task/install/setup.zsh'
