[0.281s] DEBUG:colcon:Command line arguments: ['/usr/bin/colcon', 'build']
[0.281s] DEBUG:colcon:Parsed command line arguments: Namespace(log_base=None, log_level=None, verb_name='build', build_base='build', install_base='install', merge_install=False, symlink_install=False, test_result_base=None, continue_on_error=False, executor='parallel', parallel_workers=8, event_handlers=None, ignore_user_meta=False, metas=['./colcon.meta'], base_paths=['.'], packages_ignore=None, packages_ignore_regex=None, paths=None, packages_up_to=None, packages_up_to_regex=None, packages_above=None, packages_above_and_dependencies=None, packages_above_depth=None, packages_select_by_dep=None, packages_skip_by_dep=None, packages_skip_up_to=None, packages_select_build_failed=False, packages_skip_build_finished=False, packages_select_test_failures=False, packages_skip_test_passed=False, packages_select=None, packages_skip=None, packages_select_regex=None, packages_skip_regex=None, packages_start=None, packages_end=None, allow_overriding=[], cmake_args=None, cmake_target=None, cmake_target_skip_unavailable=False, cmake_clean_cache=False, cmake_clean_first=False, cmake_force_configure=False, ament_cmake_args=None, catkin_cmake_args=None, catkin_skip_building_tests=False, verb_parser=<colcon_defaults.argument_parser.defaults.DefaultArgumentsDecorator object at 0x7f3b68bbee30>, verb_extension=<colcon_core.verb.build.BuildVerb object at 0x7f3b69552a40>, main=<bound method BuildVerb.main of <colcon_core.verb.build.BuildVerb object at 0x7f3b69552a40>>)
[0.303s] Level 1:colcon.colcon_core.package_discovery:discover_packages(colcon_meta) check parameters
[0.303s] Level 1:colcon.colcon_core.package_discovery:discover_packages(recursive) check parameters
[0.303s] Level 1:colcon.colcon_core.package_discovery:discover_packages(ignore) check parameters
[0.303s] Level 1:colcon.colcon_core.package_discovery:discover_packages(path) check parameters
[0.303s] Level 1:colcon.colcon_core.package_discovery:discover_packages(colcon_meta) discover
[0.303s] Level 1:colcon.colcon_core.package_discovery:discover_packages(recursive) discover
[0.303s] INFO:colcon.colcon_core.package_discovery:Crawling recursively for packages in '/home/omar/repos/Robotics_intro_task'
[0.303s] Level 1:colcon.colcon_core.package_identification:_identify(.) by extensions ['ignore', 'ignore_ament_install']
[0.303s] Level 1:colcon.colcon_core.package_identification:_identify(.) by extension 'ignore'
[0.303s] Level 1:colcon.colcon_core.package_identification:_identify(.) by extension 'ignore_ament_install'
[0.304s] Level 1:colcon.colcon_core.package_identification:_identify(.) by extensions ['colcon_pkg']
[0.304s] Level 1:colcon.colcon_core.package_identification:_identify(.) by extension 'colcon_pkg'
[0.304s] Level 1:colcon.colcon_core.package_identification:_identify(.) by extensions ['colcon_meta']
[0.304s] Level 1:colcon.colcon_core.package_identification:_identify(.) by extension 'colcon_meta'
[0.304s] Level 1:colcon.colcon_core.package_identification:_identify(.) by extensions ['ros']
[0.304s] Level 1:colcon.colcon_core.package_identification:_identify(.) by extension 'ros'
[0.324s] Level 1:colcon.colcon_core.package_identification:_identify(.) by extensions ['cmake', 'python']
[0.324s] Level 1:colcon.colcon_core.package_identification:_identify(.) by extension 'cmake'
[0.324s] Level 1:colcon.colcon_core.package_identification:_identify(.) by extension 'python'
[0.324s] Level 1:colcon.colcon_core.package_identification:_identify(.) by extensions ['python_setup_py']
[0.324s] Level 1:colcon.colcon_core.package_identification:_identify(.) by extension 'python_setup_py'
[0.324s] Level 1:colcon.colcon_core.package_identification:_identify(build) by extensions ['ignore', 'ignore_ament_install']
[0.324s] Level 1:colcon.colcon_core.package_identification:_identify(build) by extension 'ignore'
[0.324s] Level 1:colcon.colcon_core.package_identification:_identify(build) ignored
[0.325s] Level 1:colcon.colcon_core.package_identification:_identify(install) by extensions ['ignore', 'ignore_ament_install']
[0.325s] Level 1:colcon.colcon_core.package_identification:_identify(install) by extension 'ignore'
[0.325s] Level 1:colcon.colcon_core.package_identification:_identify(install) ignored
[0.325s] Level 1:colcon.colcon_core.package_identification:_identify(log) by extensions ['ignore', 'ignore_ament_install']
[0.325s] Level 1:colcon.colcon_core.package_identification:_identify(log) by extension 'ignore'
[0.325s] Level 1:colcon.colcon_core.package_identification:_identify(log) ignored
[0.325s] Level 1:colcon.colcon_core.package_identification:_identify(src) by extensions ['ignore', 'ignore_ament_install']
[0.325s] Level 1:colcon.colcon_core.package_identification:_identify(src) by extension 'ignore'
[0.325s] Level 1:colcon.colcon_core.package_identification:_identify(src) by extension 'ignore_ament_install'
[0.325s] Level 1:colcon.colcon_core.package_identification:_identify(src) by extensions ['colcon_pkg']
[0.325s] Level 1:colcon.colcon_core.package_identification:_identify(src) by extension 'colcon_pkg'
[0.325s] Level 1:colcon.colcon_core.package_identification:_identify(src) by extensions ['colcon_meta']
[0.325s] Level 1:colcon.colcon_core.package_identification:_identify(src) by extension 'colcon_meta'
[0.325s] Level 1:colcon.colcon_core.package_identification:_identify(src) by extensions ['ros']
[0.325s] Level 1:colcon.colcon_core.package_identification:_identify(src) by extension 'ros'
[0.325s] Level 1:colcon.colcon_core.package_identification:_identify(src) by extensions ['cmake', 'python']
[0.326s] Level 1:colcon.colcon_core.package_identification:_identify(src) by extension 'cmake'
[0.326s] Level 1:colcon.colcon_core.package_identification:_identify(src) by extension 'python'
[0.326s] Level 1:colcon.colcon_core.package_identification:_identify(src) by extensions ['python_setup_py']
[0.326s] Level 1:colcon.colcon_core.package_identification:_identify(src) by extension 'python_setup_py'
[0.326s] Level 1:colcon.colcon_core.package_identification:_identify(src/cpp_pub) by extensions ['ignore', 'ignore_ament_install']
[0.326s] Level 1:colcon.colcon_core.package_identification:_identify(src/cpp_pub) by extension 'ignore'
[0.326s] Level 1:colcon.colcon_core.package_identification:_identify(src/cpp_pub) by extension 'ignore_ament_install'
[0.326s] Level 1:colcon.colcon_core.package_identification:_identify(src/cpp_pub) by extensions ['colcon_pkg']
[0.326s] Level 1:colcon.colcon_core.package_identification:_identify(src/cpp_pub) by extension 'colcon_pkg'
[0.326s] Level 1:colcon.colcon_core.package_identification:_identify(src/cpp_pub) by extensions ['colcon_meta']
[0.326s] Level 1:colcon.colcon_core.package_identification:_identify(src/cpp_pub) by extension 'colcon_meta'
[0.326s] Level 1:colcon.colcon_core.package_identification:_identify(src/cpp_pub) by extensions ['ros']
[0.326s] Level 1:colcon.colcon_core.package_identification:_identify(src/cpp_pub) by extension 'ros'
[0.328s] DEBUG:colcon.colcon_core.package_identification:Package 'src/cpp_pub' with type 'ros.ament_cmake' and name 'cpp_pub'
[0.329s] Level 1:colcon.colcon_core.package_identification:_identify(src/py_sub) by extensions ['ignore', 'ignore_ament_install']
[0.329s] Level 1:colcon.colcon_core.package_identification:_identify(src/py_sub) by extension 'ignore'
[0.329s] Level 1:colcon.colcon_core.package_identification:_identify(src/py_sub) by extension 'ignore_ament_install'
[0.329s] Level 1:colcon.colcon_core.package_identification:_identify(src/py_sub) by extensions ['colcon_pkg']
[0.329s] Level 1:colcon.colcon_core.package_identification:_identify(src/py_sub) by extension 'colcon_pkg'
[0.329s] Level 1:colcon.colcon_core.package_identification:_identify(src/py_sub) by extensions ['colcon_meta']
[0.329s] Level 1:colcon.colcon_core.package_identification:_identify(src/py_sub) by extension 'colcon_meta'
[0.329s] Level 1:colcon.colcon_core.package_identification:_identify(src/py_sub) by extensions ['ros']
[0.329s] Level 1:colcon.colcon_core.package_identification:_identify(src/py_sub) by extension 'ros'
[0.330s] DEBUG:colcon.colcon_core.package_identification:Package 'src/py_sub' with type 'ros.ament_python' and name 'py_sub'
[0.330s] Level 1:colcon.colcon_core.package_discovery:discover_packages(recursive) using defaults
[0.330s] Level 1:colcon.colcon_core.package_discovery:discover_packages(ignore) discover
[0.330s] Level 1:colcon.colcon_core.package_discovery:discover_packages(ignore) using defaults
[0.330s] Level 1:colcon.colcon_core.package_discovery:discover_packages(path) discover
[0.330s] Level 1:colcon.colcon_core.package_discovery:discover_packages(path) using defaults
[0.354s] Level 1:colcon.colcon_core.package_discovery:discover_packages(prefix_path) check parameters
[0.354s] Level 1:colcon.colcon_core.package_discovery:discover_packages(prefix_path) discover
[0.357s] DEBUG:colcon.colcon_installed_package_information.package_discovery:Found 283 installed packages in /opt/ros/humble
[0.358s] Level 1:colcon.colcon_core.package_discovery:discover_packages(prefix_path) using defaults
[0.419s] Level 5:colcon.colcon_core.verb:set package 'cpp_pub' build argument 'cmake_args' from command line to 'None'
[0.419s] Level 5:colcon.colcon_core.verb:set package 'cpp_pub' build argument 'cmake_target' from command line to 'None'
[0.419s] Level 5:colcon.colcon_core.verb:set package 'cpp_pub' build argument 'cmake_target_skip_unavailable' from command line to 'False'
[0.419s] Level 5:colcon.colcon_core.verb:set package 'cpp_pub' build argument 'cmake_clean_cache' from command line to 'False'
[0.419s] Level 5:colcon.colcon_core.verb:set package 'cpp_pub' build argument 'cmake_clean_first' from command line to 'False'
[0.420s] Level 5:colcon.colcon_core.verb:set package 'cpp_pub' build argument 'cmake_force_configure' from command line to 'False'
[0.420s] Level 5:colcon.colcon_core.verb:set package 'cpp_pub' build argument 'ament_cmake_args' from command line to 'None'
[0.420s] Level 5:colcon.colcon_core.verb:set package 'cpp_pub' build argument 'catkin_cmake_args' from command line to 'None'
[0.420s] Level 5:colcon.colcon_core.verb:set package 'cpp_pub' build argument 'catkin_skip_building_tests' from command line to 'False'
[0.420s] DEBUG:colcon.colcon_core.verb:Building package 'cpp_pub' with the following arguments: {'ament_cmake_args': None, 'build_base': '/home/omar/repos/Robotics_intro_task/build/cpp_pub', 'catkin_cmake_args': None, 'catkin_skip_building_tests': False, 'cmake_args': None, 'cmake_clean_cache': False, 'cmake_clean_first': False, 'cmake_force_configure': False, 'cmake_target': None, 'cmake_target_skip_unavailable': False, 'install_base': '/home/omar/repos/Robotics_intro_task/install/cpp_pub', 'merge_install': False, 'path': '/home/omar/repos/Robotics_intro_task/src/cpp_pub', 'symlink_install': False, 'test_result_base': None}
[0.421s] Level 5:colcon.colcon_core.verb:set package 'py_sub' build argument 'cmake_args' from command line to 'None'
[0.421s] Level 5:colcon.colcon_core.verb:set package 'py_sub' build argument 'cmake_target' from command line to 'None'
[0.421s] Level 5:colcon.colcon_core.verb:set package 'py_sub' build argument 'cmake_target_skip_unavailable' from command line to 'False'
[0.421s] Level 5:colcon.colcon_core.verb:set package 'py_sub' build argument 'cmake_clean_cache' from command line to 'False'
[0.421s] Level 5:colcon.colcon_core.verb:set package 'py_sub' build argument 'cmake_clean_first' from command line to 'False'
[0.421s] Level 5:colcon.colcon_core.verb:set package 'py_sub' build argument 'cmake_force_configure' from command line to 'False'
[0.421s] Level 5:colcon.colcon_core.verb:set package 'py_sub' build argument 'ament_cmake_args' from command line to 'None'
[0.421s] Level 5:colcon.colcon_core.verb:set package 'py_sub' build argument 'catkin_cmake_args' from command line to 'None'
[0.421s] Level 5:colcon.colcon_core.verb:set package 'py_sub' build argument 'catkin_skip_building_tests' from command line to 'False'
[0.421s] DEBUG:colcon.colcon_core.verb:Building package 'py_sub' with the following arguments: {'ament_cmake_args': None, 'build_base': '/home/omar/repos/Robotics_intro_task/build/py_sub', 'catkin_cmake_args': None, 'catkin_skip_building_tests': False, 'cmake_args': None, 'cmake_clean_cache': False, 'cmake_clean_first': False, 'cmake_force_configure': False, 'cmake_target': None, 'cmake_target_skip_unavailable': False, 'install_base': '/home/omar/repos/Robotics_intro_task/install/py_sub', 'merge_install': False, 'path': '/home/omar/repos/Robotics_intro_task/src/py_sub', 'symlink_install': False, 'test_result_base': None}
[0.422s] INFO:colcon.colcon_core.executor:Executing jobs using 'parallel' executor
[0.425s] DEBUG:colcon.colcon_parallel_executor.executor.parallel:run_until_complete
[0.425s] INFO:colcon.colcon_ros.task.ament_cmake.build:Building ROS package in '/home/omar/repos/Robotics_intro_task/src/cpp_pub' with build type 'ament_cmake'
[0.426s] INFO:colcon.colcon_cmake.task.cmake.build:Building CMake package in '/home/omar/repos/Robotics_intro_task/src/cpp_pub'
[0.430s] INFO:colcon.colcon_core.plugin_system:Skipping extension 'colcon_core.shell.bat': Not used on non-Windows systems
[0.430s] INFO:colcon.colcon_core.shell:Skip shell extension 'powershell' for command environment: Not usable outside of PowerShell
[0.430s] DEBUG:colcon.colcon_core.shell:Skip shell extension 'dsv' for command environment
[0.434s] INFO:colcon.colcon_ros.task.ament_python.build:Building ROS package in '/home/omar/repos/Robotics_intro_task/src/py_sub' with build type 'ament_python'
[0.434s] Level 1:colcon.colcon_core.shell:create_environment_hook('py_sub', 'ament_prefix_path')
[0.435s] INFO:colcon.colcon_core.shell:Creating environment hook '/home/omar/repos/Robotics_intro_task/install/py_sub/share/py_sub/hook/ament_prefix_path.ps1'
[0.436s] INFO:colcon.colcon_core.shell:Creating environment descriptor '/home/omar/repos/Robotics_intro_task/install/py_sub/share/py_sub/hook/ament_prefix_path.dsv'
[0.437s] INFO:colcon.colcon_core.shell:Creating environment hook '/home/omar/repos/Robotics_intro_task/install/py_sub/share/py_sub/hook/ament_prefix_path.sh'
[0.438s] INFO:colcon.colcon_core.shell:Skip shell extension 'powershell' for command environment: Not usable outside of PowerShell
[0.438s] DEBUG:colcon.colcon_core.shell:Skip shell extension 'dsv' for command environment
[0.448s] DEBUG:colcon.colcon_core.event_handler.log_command:Invoking command in '/home/omar/repos/Robotics_intro_task/build/cpp_pub': CMAKE_PREFIX_PATH=/opt/ros/humble /usr/bin/cmake --build /home/omar/repos/Robotics_intro_task/build/cpp_pub -- -j8 -l8
[0.692s] INFO:colcon.colcon_core.task.python.build:Building Python package in '/home/omar/repos/Robotics_intro_task/src/py_sub'
[0.693s] INFO:colcon.colcon_core.shell:Skip shell extension 'powershell' for command environment: Not usable outside of PowerShell
[0.693s] DEBUG:colcon.colcon_core.shell:Skip shell extension 'dsv' for command environment
[0.698s] DEBUG:colcon.colcon_core.event_handler.log_command:Invoked command in '/home/omar/repos/Robotics_intro_task/build/cpp_pub' returned '0': CMAKE_PREFIX_PATH=/opt/ros/humble /usr/bin/cmake --build /home/omar/repos/Robotics_intro_task/build/cpp_pub -- -j8 -l8
[0.724s] DEBUG:colcon.colcon_core.event_handler.log_command:Invoking command in '/home/omar/repos/Robotics_intro_task/build/cpp_pub': CMAKE_PREFIX_PATH=/opt/ros/humble /usr/bin/cmake --install /home/omar/repos/Robotics_intro_task/build/cpp_pub
[0.732s] Level 1:colcon.colcon_core.environment:create_environment_scripts_only(cpp_pub)
[0.733s] DEBUG:colcon.colcon_core.event_handler.log_command:Invoked command in '/home/omar/repos/Robotics_intro_task/build/cpp_pub' returned '0': CMAKE_PREFIX_PATH=/opt/ros/humble /usr/bin/cmake --install /home/omar/repos/Robotics_intro_task/build/cpp_pub
[0.737s] Level 1:colcon.colcon_core.environment:checking '/home/omar/repos/Robotics_intro_task/install/cpp_pub' for CMake module files
[0.737s] Level 1:colcon.colcon_core.environment:checking '/home/omar/repos/Robotics_intro_task/install/cpp_pub' for CMake config files
[0.738s] Level 1:colcon.colcon_core.shell:create_environment_hook('cpp_pub', 'cmake_prefix_path')
[0.739s] INFO:colcon.colcon_core.shell:Creating environment hook '/home/omar/repos/Robotics_intro_task/install/cpp_pub/share/cpp_pub/hook/cmake_prefix_path.ps1'
[0.739s] INFO:colcon.colcon_core.shell:Creating environment descriptor '/home/omar/repos/Robotics_intro_task/install/cpp_pub/share/cpp_pub/hook/cmake_prefix_path.dsv'
[0.740s] INFO:colcon.colcon_core.shell:Creating environment hook '/home/omar/repos/Robotics_intro_task/install/cpp_pub/share/cpp_pub/hook/cmake_prefix_path.sh'
[0.741s] Level 1:colcon.colcon_core.environment:checking '/home/omar/repos/Robotics_intro_task/install/cpp_pub/lib'
[0.741s] Level 1:colcon.colcon_core.environment:checking '/home/omar/repos/Robotics_intro_task/install/cpp_pub/bin'
[0.741s] Level 1:colcon.colcon_core.environment:checking '/home/omar/repos/Robotics_intro_task/install/cpp_pub/lib/pkgconfig/cpp_pub.pc'
[0.742s] Level 1:colcon.colcon_core.environment:checking '/home/omar/repos/Robotics_intro_task/install/cpp_pub/lib/python3.10/site-packages'
[0.742s] Level 1:colcon.colcon_core.environment:checking '/home/omar/repos/Robotics_intro_task/install/cpp_pub/bin'
[0.743s] INFO:colcon.colcon_core.shell:Creating package script '/home/omar/repos/Robotics_intro_task/install/cpp_pub/share/cpp_pub/package.ps1'
[0.744s] INFO:colcon.colcon_core.shell:Creating package descriptor '/home/omar/repos/Robotics_intro_task/install/cpp_pub/share/cpp_pub/package.dsv'
[0.745s] INFO:colcon.colcon_core.shell:Creating package script '/home/omar/repos/Robotics_intro_task/install/cpp_pub/share/cpp_pub/package.sh'
[0.746s] INFO:colcon.colcon_core.shell:Creating package script '/home/omar/repos/Robotics_intro_task/install/cpp_pub/share/cpp_pub/package.bash'
[0.746s] INFO:colcon.colcon_core.shell:Creating package script '/home/omar/repos/Robotics_intro_task/install/cpp_pub/share/cpp_pub/package.zsh'
[0.747s] Level 1:colcon.colcon_core.environment:create_file_with_runtime_dependencies(/home/omar/repos/Robotics_intro_task/install/cpp_pub/share/colcon-core/packages/cpp_pub)
[0.770s] Level 1:colcon.colcon_core.environment:create_environment_scripts_only(cpp_pub)
[0.771s] Level 1:colcon.colcon_core.environment:checking '/home/omar/repos/Robotics_intro_task/install/cpp_pub' for CMake module files
[0.772s] Level 1:colcon.colcon_core.environment:checking '/home/omar/repos/Robotics_intro_task/install/cpp_pub' for CMake config files
[0.772s] Level 1:colcon.colcon_core.shell:create_environment_hook('cpp_pub', 'cmake_prefix_path')
[0.773s] INFO:colcon.colcon_core.shell:Creating environment hook '/home/omar/repos/Robotics_intro_task/install/cpp_pub/share/cpp_pub/hook/cmake_prefix_path.ps1'
[0.774s] INFO:colcon.colcon_core.shell:Creating environment descriptor '/home/omar/repos/Robotics_intro_task/install/cpp_pub/share/cpp_pub/hook/cmake_prefix_path.dsv'
[0.774s] INFO:colcon.colcon_core.shell:Creating environment hook '/home/omar/repos/Robotics_intro_task/install/cpp_pub/share/cpp_pub/hook/cmake_prefix_path.sh'
[0.774s] Level 1:colcon.colcon_core.environment:checking '/home/omar/repos/Robotics_intro_task/install/cpp_pub/lib'
[0.775s] Level 1:colcon.colcon_core.environment:checking '/home/omar/repos/Robotics_intro_task/install/cpp_pub/bin'
[0.775s] Level 1:colcon.colcon_core.environment:checking '/home/omar/repos/Robotics_intro_task/install/cpp_pub/lib/pkgconfig/cpp_pub.pc'
[0.775s] Level 1:colcon.colcon_core.environment:checking '/home/omar/repos/Robotics_intro_task/install/cpp_pub/lib/python3.10/site-packages'
[0.775s] Level 1:colcon.colcon_core.environment:checking '/home/omar/repos/Robotics_intro_task/install/cpp_pub/bin'
[0.776s] INFO:colcon.colcon_core.shell:Creating package script '/home/omar/repos/Robotics_intro_task/install/cpp_pub/share/cpp_pub/package.ps1'
[0.777s] INFO:colcon.colcon_core.shell:Creating package descriptor '/home/omar/repos/Robotics_intro_task/install/cpp_pub/share/cpp_pub/package.dsv'
[0.778s] INFO:colcon.colcon_core.shell:Creating package script '/home/omar/repos/Robotics_intro_task/install/cpp_pub/share/cpp_pub/package.sh'
[0.778s] INFO:colcon.colcon_core.shell:Creating package script '/home/omar/repos/Robotics_intro_task/install/cpp_pub/share/cpp_pub/package.bash'
[0.778s] INFO:colcon.colcon_core.shell:Creating package script '/home/omar/repos/Robotics_intro_task/install/cpp_pub/share/cpp_pub/package.zsh'
[0.779s] Level 1:colcon.colcon_core.environment:create_file_with_runtime_dependencies(/home/omar/repos/Robotics_intro_task/install/cpp_pub/share/colcon-core/packages/cpp_pub)
[1.024s] DEBUG:colcon.colcon_core.event_handler.log_command:Invoking command in '/home/omar/repos/Robotics_intro_task/src/py_sub': PYTHONPATH=/home/omar/repos/Robotics_intro_task/install/py_sub/lib/python3.10/site-packages:${PYTHONPATH} /usr/bin/python3 setup.py egg_info --egg-base ../../build/py_sub build --build-base /home/omar/repos/Robotics_intro_task/build/py_sub/build install --prefix /home/omar/repos/Robotics_intro_task/install/py_sub --record /home/omar/repos/Robotics_intro_task/build/py_sub/install.log --single-version-externally-managed
[1.304s] Level 1:colcon.colcon_core.environment:checking '/home/omar/repos/Robotics_intro_task/install/py_sub' for CMake module files
[1.305s] DEBUG:colcon.colcon_core.event_handler.log_command:Invoked command in '/home/omar/repos/Robotics_intro_task/src/py_sub' returned '0': PYTHONPATH=/home/omar/repos/Robotics_intro_task/install/py_sub/lib/python3.10/site-packages:${PYTHONPATH} /usr/bin/python3 setup.py egg_info --egg-base ../../build/py_sub build --build-base /home/omar/repos/Robotics_intro_task/build/py_sub/build install --prefix /home/omar/repos/Robotics_intro_task/install/py_sub --record /home/omar/repos/Robotics_intro_task/build/py_sub/install.log --single-version-externally-managed
[1.305s] Level 1:colcon.colcon_core.environment:checking '/home/omar/repos/Robotics_intro_task/install/py_sub' for CMake config files
[1.305s] Level 1:colcon.colcon_core.environment:checking '/home/omar/repos/Robotics_intro_task/install/py_sub/lib'
[1.306s] Level 1:colcon.colcon_core.environment:checking '/home/omar/repos/Robotics_intro_task/install/py_sub/bin'
[1.306s] Level 1:colcon.colcon_core.environment:checking '/home/omar/repos/Robotics_intro_task/install/py_sub/lib/pkgconfig/py_sub.pc'
[1.306s] Level 1:colcon.colcon_core.environment:checking '/home/omar/repos/Robotics_intro_task/install/py_sub/lib/python3.10/site-packages'
[1.306s] Level 1:colcon.colcon_core.shell:create_environment_hook('py_sub', 'pythonpath')
[1.307s] INFO:colcon.colcon_core.shell:Creating environment hook '/home/omar/repos/Robotics_intro_task/install/py_sub/share/py_sub/hook/pythonpath.ps1'
[1.307s] INFO:colcon.colcon_core.shell:Creating environment descriptor '/home/omar/repos/Robotics_intro_task/install/py_sub/share/py_sub/hook/pythonpath.dsv'
[1.308s] INFO:colcon.colcon_core.shell:Creating environment hook '/home/omar/repos/Robotics_intro_task/install/py_sub/share/py_sub/hook/pythonpath.sh'
[1.308s] Level 1:colcon.colcon_core.environment:checking '/home/omar/repos/Robotics_intro_task/install/py_sub/bin'
[1.308s] Level 1:colcon.colcon_core.environment:create_environment_scripts_only(py_sub)
[1.309s] INFO:colcon.colcon_core.shell:Creating package script '/home/omar/repos/Robotics_intro_task/install/py_sub/share/py_sub/package.ps1'
[1.310s] INFO:colcon.colcon_core.shell:Creating package descriptor '/home/omar/repos/Robotics_intro_task/install/py_sub/share/py_sub/package.dsv'
[1.310s] INFO:colcon.colcon_core.shell:Creating package script '/home/omar/repos/Robotics_intro_task/install/py_sub/share/py_sub/package.sh'
[1.310s] INFO:colcon.colcon_core.shell:Creating package script '/home/omar/repos/Robotics_intro_task/install/py_sub/share/py_sub/package.bash'
[1.311s] INFO:colcon.colcon_core.shell:Creating package script '/home/omar/repos/Robotics_intro_task/install/py_sub/share/py_sub/package.zsh'
[1.311s] Level 1:colcon.colcon_core.environment:create_file_with_runtime_dependencies(/home/omar/repos/Robotics_intro_task/install/py_sub/share/colcon-core/packages/py_sub)
[1.311s] DEBUG:colcon.colcon_parallel_executor.executor.parallel:closing loop
[1.311s] DEBUG:colcon.colcon_parallel_executor.executor.parallel:loop closed
[1.312s] DEBUG:colcon.colcon_parallel_executor.executor.parallel:run_until_complete finished with '0'
[1.312s] DEBUG:colcon.colcon_core.event_reactor:joining thread
[1.317s] INFO:colcon.colcon_core.plugin_system:Skipping extension 'colcon_notification.desktop_notification.terminal_notifier': Not used on non-Darwin systems
[1.317s] INFO:colcon.colcon_core.plugin_system:Skipping extension 'colcon_notification.desktop_notification.win32': Not used on non-Windows systems
[1.317s] INFO:colcon.colcon_notification.desktop_notification:Sending desktop notification using 'notify2'
[1.325s] DEBUG:colcon.colcon_core.event_reactor:joined thread
[1.326s] INFO:colcon.colcon_core.shell:Creating prefix script '/home/omar/repos/Robotics_intro_task/install/local_setup.ps1'
[1.327s] INFO:colcon.colcon_core.shell:Creating prefix util module '/home/omar/repos/Robotics_intro_task/install/_local_setup_util_ps1.py'
[1.329s] INFO:colcon.colcon_core.shell:Creating prefix chain script '/home/omar/repos/Robotics_intro_task/install/setup.ps1'
[1.330s] INFO:colcon.colcon_core.shell:Creating prefix script '/home/omar/repos/Robotics_intro_task/install/local_setup.sh'
[1.331s] INFO:colcon.colcon_core.shell:Creating prefix util module '/home/omar/repos/Robotics_intro_task/install/_local_setup_util_sh.py'
[1.332s] INFO:colcon.colcon_core.shell:Creating prefix chain script '/home/omar/repos/Robotics_intro_task/install/setup.sh'
[1.333s] INFO:colcon.colcon_core.shell:Creating prefix script '/home/omar/repos/Robotics_intro_task/install/local_setup.bash'
[1.334s] INFO:colcon.colcon_core.shell:Creating prefix chain script '/home/omar/repos/Robotics_intro_task/install/setup.bash'
[1.335s] INFO:colcon.colcon_core.shell:Creating prefix script '/home/omar/repos/Robotics_intro_task/install/local_setup.zsh'
[1.335s] INFO:colcon.colcon_core.shell:Creating prefix chain script '/home/omar/repos/Robotics_intro_task/install/setup.zsh'
