[01m[K/home/omar/repos/Robotics_intro_task/src/cpp_pub/src/publisher.cpp:[m[K In member function ‘[01m[Kvoid Publisher::callback_function()[m[K’:
[01m[K/home/omar/repos/Robotics_intro_task/src/cpp_pub/src/publisher.cpp:24:78:[m[K [01;35m[Kwarning: [m[Kright operand of comma operator has no effect [[01;35m[K]8;;https://gcc.gnu.org/onlinedocs/gcc/Warning-Options.html#index-Wunused-value-Wunused-value]8;;[m[K]
   24 |         message.data = "Number of subscribers to this topic: '%d'", sub_count[01;35m[K;[m[K
      |                                                                              [01;35m[K^[m[K
In file included from [01m[K/opt/ros/humble/include/rclcpp/rclcpp/logging.hpp:24[m[K,
                 from [01m[K/opt/ros/humble/include/rclcpp/rclcpp/client.hpp:40[m[K,
                 from [01m[K/opt/ros/humble/include/rclcpp/rclcpp/callback_group.hpp:23[m[K,
                 from [01m[K/opt/ros/humble/include/rclcpp/rclcpp/any_executable.hpp:20[m[K,
                 from [01m[K/opt/ros/humble/include/rclcpp/rclcpp/memory_strategy.hpp:25[m[K,
                 from [01m[K/opt/ros/humble/include/rclcpp/rclcpp/memory_strategies.hpp:18[m[K,
                 from [01m[K/opt/ros/humble/include/rclcpp/rclcpp/executor_options.hpp:20[m[K,
                 from [01m[K/opt/ros/humble/include/rclcpp/rclcpp/executor.hpp:37[m[K,
                 from [01m[K/opt/ros/humble/include/rclcpp/rclcpp/executors/multi_threaded_executor.hpp:25[m[K,
                 from [01m[K/opt/ros/humble/include/rclcpp/rclcpp/executors.hpp:21[m[K,
                 from [01m[K/opt/ros/humble/include/rclcpp/rclcpp/rclcpp.hpp:155[m[K,
                 from [01m[K/home/omar/repos/Robotics_intro_task/src/cpp_pub/src/publisher.cpp:5[m[K:
[01m[K/home/omar/repos/Robotics_intro_task/src/cpp_pub/src/publisher.cpp:33:41:[m[K [01;35m[Kwarning: [m[Kformat ‘[01m[K%s[m[K’ expects argument of type ‘[01m[Kchar*[m[K’, but argument 5 has type ‘[01m[Kstd::string[m[K’ {aka ‘[01m[Kstd::__cxx11::basic_string<char>[m[K’} [[01;35m[K]8;;https://gcc.gnu.org/onlinedocs/gcc/Warning-Options.html#index-Wformat=-Wformat=]8;;[m[K]
   33 |         RCLCPP_INFO(this->get_logger(), [01;35m[K"message '%s'"[m[K, [32m[Kstd::to_string(count_++)[m[K);
      |                                         [01;35m[K^~~~~~~~~~~~~~[m[K  [32m[K~~~~~~~~~~~~~~~~~~~~~~~~[m[K
      |                                                                       [32m[K|[m[K
      |                                                                       [32m[Kstd::string {aka std::__cxx11::basic_string<char>}[m[K
[01m[K/home/omar/repos/Robotics_intro_task/src/cpp_pub/src/publisher.cpp:33:52:[m[K [01;36m[Knote: [m[Kformat string is defined here
   33 |         RCLCPP_INFO(this->get_logger(), "message '[01;36m[K%s[m[K'", std::to_string(count_++));
      |                                                   [01;36m[K~^[m[K
      |                                                    [01;36m[K|[m[K
      |                                                    [01;36m[Kchar*[m[K
