[0.011s] Invoking command in '/home/omar/repos/Robotics_intro_task/build/cpp_pub': CMAKE_PREFIX_PATH=/opt/ros/humble /usr/bin/cmake --build /home/omar/repos/Robotics_intro_task/build/cpp_pub -- -j8 -l8
[0.039s] [35m[1mConsolidate compiler generated dependencies of target talker[0m
[0.053s] [ 50%] [32mBuilding CXX object CMakeFiles/talker.dir/src/publisher.cpp.o[0m
[1.876s] [01m[K/home/omar/repos/Robotics_intro_task/src/cpp_pub/src/publisher.cpp:[m[K In member function ‘[01m[Kvoid Publisher::callback_function()[m[K’:
[1.876s] [01m[K/home/omar/repos/Robotics_intro_task/src/cpp_pub/src/publisher.cpp:24:78:[m[K [01;35m[Kwarning: [m[Kright operand of comma operator has no effect [[01;35m[K]8;;https://gcc.gnu.org/onlinedocs/gcc/Warning-Options.html#index-Wunused-value-Wunused-value]8;;[m[K]
[1.876s]    24 |         message.data = "Number of subscribers to this topic: '%d'", sub_count[01;35m[K;[m[K
[1.876s]       |                                                                              [01;35m[K^[m[K
[1.876s] In file included from [01m[K/opt/ros/humble/include/rclcpp/rclcpp/logging.hpp:24[m[K,
[1.876s]                  from [01m[K/opt/ros/humble/include/rclcpp/rclcpp/client.hpp:40[m[K,
[1.876s]                  from [01m[K/opt/ros/humble/include/rclcpp/rclcpp/callback_group.hpp:23[m[K,
[1.876s]                  from [01m[K/opt/ros/humble/include/rclcpp/rclcpp/any_executable.hpp:20[m[K,
[1.877s]                  from [01m[K/opt/ros/humble/include/rclcpp/rclcpp/memory_strategy.hpp:25[m[K,
[1.877s]                  from [01m[K/opt/ros/humble/include/rclcpp/rclcpp/memory_strategies.hpp:18[m[K,
[1.877s]                  from [01m[K/opt/ros/humble/include/rclcpp/rclcpp/executor_options.hpp:20[m[K,
[1.877s]                  from [01m[K/opt/ros/humble/include/rclcpp/rclcpp/executor.hpp:37[m[K,
[1.877s]                  from [01m[K/opt/ros/humble/include/rclcpp/rclcpp/executors/multi_threaded_executor.hpp:25[m[K,
[1.877s]                  from [01m[K/opt/ros/humble/include/rclcpp/rclcpp/executors.hpp:21[m[K,
[1.877s]                  from [01m[K/opt/ros/humble/include/rclcpp/rclcpp/rclcpp.hpp:155[m[K,
[1.877s]                  from [01m[K/home/omar/repos/Robotics_intro_task/src/cpp_pub/src/publisher.cpp:5[m[K:
[1.877s] [01m[K/home/omar/repos/Robotics_intro_task/src/cpp_pub/src/publisher.cpp:33:41:[m[K [01;35m[Kwarning: [m[Kformat ‘[01m[K%s[m[K’ expects argument of type ‘[01m[Kchar*[m[K’, but argument 5 has type ‘[01m[Kstd::string[m[K’ {aka ‘[01m[Kstd::__cxx11::basic_string<char>[m[K’} [[01;35m[K]8;;https://gcc.gnu.org/onlinedocs/gcc/Warning-Options.html#index-Wformat=-Wformat=]8;;[m[K]
[1.877s]    33 |         RCLCPP_INFO(this->get_logger(), [01;35m[K"message '%s'"[m[K, [32m[Kstd::to_string(count_++)[m[K);
[1.877s]       |                                         [01;35m[K^~~~~~~~~~~~~~[m[K  [32m[K~~~~~~~~~~~~~~~~~~~~~~~~[m[K
[1.877s]       |                                                                       [32m[K|[m[K
[1.877s]       |                                                                       [32m[Kstd::string {aka std::__cxx11::basic_string<char>}[m[K
[1.877s] [01m[K/home/omar/repos/Robotics_intro_task/src/cpp_pub/src/publisher.cpp:33:52:[m[K [01;36m[Knote: [m[Kformat string is defined here
[1.877s]    33 |         RCLCPP_INFO(this->get_logger(), "message '[01;36m[K%s[m[K'", std::to_string(count_++));
[1.877s]       |                                                   [01;36m[K~^[m[K
[1.877s]       |                                                    [01;36m[K|[m[K
[1.877s]       |                                                    [01;36m[Kchar*[m[K
[3.468s] [100%] [32m[1mLinking CXX executable talker[0m
[3.618s] [100%] Built target talker
[3.625s] Invoked command in '/home/omar/repos/Robotics_intro_task/build/cpp_pub' returned '0': CMAKE_PREFIX_PATH=/opt/ros/humble /usr/bin/cmake --build /home/omar/repos/Robotics_intro_task/build/cpp_pub -- -j8 -l8
[3.649s] Invoking command in '/home/omar/repos/Robotics_intro_task/build/cpp_pub': CMAKE_PREFIX_PATH=/opt/ros/humble /usr/bin/cmake --install /home/omar/repos/Robotics_intro_task/build/cpp_pub
[3.654s] -- Install configuration: ""
[3.655s] -- Installing: /home/omar/repos/Robotics_intro_task/install/cpp_pub/lib/cpp_pub/talker
[3.656s] -- Set runtime path of "/home/omar/repos/Robotics_intro_task/install/cpp_pub/lib/cpp_pub/talker" to ""
[3.656s] -- Up-to-date: /home/omar/repos/Robotics_intro_task/install/cpp_pub/share/ament_index/resource_index/package_run_dependencies/cpp_pub
[3.656s] -- Up-to-date: /home/omar/repos/Robotics_intro_task/install/cpp_pub/share/ament_index/resource_index/parent_prefix_path/cpp_pub
[3.656s] -- Up-to-date: /home/omar/repos/Robotics_intro_task/install/cpp_pub/share/cpp_pub/environment/ament_prefix_path.sh
[3.656s] -- Up-to-date: /home/omar/repos/Robotics_intro_task/install/cpp_pub/share/cpp_pub/environment/ament_prefix_path.dsv
[3.656s] -- Up-to-date: /home/omar/repos/Robotics_intro_task/install/cpp_pub/share/cpp_pub/environment/path.sh
[3.656s] -- Up-to-date: /home/omar/repos/Robotics_intro_task/install/cpp_pub/share/cpp_pub/environment/path.dsv
[3.657s] -- Up-to-date: /home/omar/repos/Robotics_intro_task/install/cpp_pub/share/cpp_pub/local_setup.bash
[3.657s] -- Up-to-date: /home/omar/repos/Robotics_intro_task/install/cpp_pub/share/cpp_pub/local_setup.sh
[3.657s] -- Up-to-date: /home/omar/repos/Robotics_intro_task/install/cpp_pub/share/cpp_pub/local_setup.zsh
[3.657s] -- Up-to-date: /home/omar/repos/Robotics_intro_task/install/cpp_pub/share/cpp_pub/local_setup.dsv
[3.657s] -- Installing: /home/omar/repos/Robotics_intro_task/install/cpp_pub/share/cpp_pub/package.dsv
[3.657s] -- Up-to-date: /home/omar/repos/Robotics_intro_task/install/cpp_pub/share/ament_index/resource_index/packages/cpp_pub
[3.657s] -- Up-to-date: /home/omar/repos/Robotics_intro_task/install/cpp_pub/share/cpp_pub/cmake/cpp_pubConfig.cmake
[3.657s] -- Up-to-date: /home/omar/repos/Robotics_intro_task/install/cpp_pub/share/cpp_pub/cmake/cpp_pubConfig-version.cmake
[3.657s] -- Up-to-date: /home/omar/repos/Robotics_intro_task/install/cpp_pub/share/cpp_pub/package.xml
[3.659s] Invoked command in '/home/omar/repos/Robotics_intro_task/build/cpp_pub' returned '0': CMAKE_PREFIX_PATH=/opt/ros/humble /usr/bin/cmake --install /home/omar/repos/Robotics_intro_task/build/cpp_pub
