[0.722s] Invoking command in '/home/omar/repos/Robotics_intro_task/src/py_sub': PYTHONPATH=/home/omar/repos/Robotics_intro_task/install/py_sub/lib/python3.10/site-packages:${PYTHONPATH} /usr/bin/python3 setup.py egg_info --egg-base ../../build/py_sub build --build-base /home/omar/repos/Robotics_intro_task/build/py_sub/build install --prefix /home/omar/repos/Robotics_intro_task/install/py_sub --record /home/omar/repos/Robotics_intro_task/build/py_sub/install.log --single-version-externally-managed
[1.001s] running egg_info
[1.002s] writing ../../build/py_sub/py_sub.egg-info/PKG-INFO
[1.002s] writing dependency_links to ../../build/py_sub/py_sub.egg-info/dependency_links.txt
[1.002s] writing entry points to ../../build/py_sub/py_sub.egg-info/entry_points.txt
[1.002s] writing requirements to ../../build/py_sub/py_sub.egg-info/requires.txt
[1.003s] writing top-level names to ../../build/py_sub/py_sub.egg-info/top_level.txt
[1.006s] reading manifest file '../../build/py_sub/py_sub.egg-info/SOURCES.txt'
[1.007s] writing manifest file '../../build/py_sub/py_sub.egg-info/SOURCES.txt'
[1.007s] running build
[1.008s] running build_py
[1.008s] running install
[1.008s] /usr/lib/python3/dist-packages/setuptools/command/install.py:34: SetuptoolsDeprecationWarning: setup.py install is deprecated. Use build and pip and other standards-based tools.
[1.008s]   warnings.warn(
[1.008s] running install_lib
[1.010s] running install_data
[1.011s] running install_egg_info
[1.013s] removing '/home/omar/repos/Robotics_intro_task/install/py_sub/lib/python3.10/site-packages/py_sub-0.0.0-py3.10.egg-info' (and everything under it)
[1.014s] Copying ../../build/py_sub/py_sub.egg-info to /home/omar/repos/Robotics_intro_task/install/py_sub/lib/python3.10/site-packages/py_sub-0.0.0-py3.10.egg-info
[1.016s] running install_scripts
[1.043s] Installing listener script to /home/omar/repos/Robotics_intro_task/install/py_sub/lib/py_sub
[1.043s] writing list of installed files to '/home/omar/repos/Robotics_intro_task/build/py_sub/install.log'
[1.084s] Invoked command in '/home/omar/repos/Robotics_intro_task/src/py_sub' returned '0': PYTHONPATH=/home/omar/repos/Robotics_intro_task/install/py_sub/lib/python3.10/site-packages:${PYTHONPATH} /usr/bin/python3 setup.py egg_info --egg-base ../../build/py_sub build --build-base /home/omar/repos/Robotics_intro_task/build/py_sub/build install --prefix /home/omar/repos/Robotics_intro_task/install/py_sub --record /home/omar/repos/Robotics_intro_task/build/py_sub/install.log --single-version-externally-managed
