[0.012s] Invoking command in '/home/omar/repos/Robotics_intro_task/build/cpp_pub': CMAKE_PREFIX_PATH=/opt/ros/humble /usr/bin/cmake --build /home/omar/repos/Robotics_intro_task/build/cpp_pub -- -j8 -l8
[0.032s] -- Found ament_cmake: 1.3.2 (/opt/ros/humble/share/ament_cmake/cmake)
[0.159s] -- Found rclcpp: 16.0.1 (/opt/ros/humble/share/rclcpp/cmake)
[0.184s] -- Found rosidl_generator_c: 3.1.3 (/opt/ros/humble/share/rosidl_generator_c/cmake)
[0.186s] -- Found rosidl_adapter: 3.1.3 (/opt/ros/humble/share/rosidl_adapter/cmake)
[0.191s] -- Found rosidl_generator_cpp: 3.1.3 (/opt/ros/humble/share/rosidl_generator_cpp/cmake)
[0.200s] -- Using all available rosidl_typesupport_c: rosidl_typesupport_fastrtps_c;rosidl_typesupport_introspection_c
[0.212s] -- Using all available rosidl_typesupport_cpp: rosidl_typesupport_fastrtps_cpp;rosidl_typesupport_introspection_cpp
[0.261s] -- Found rmw_implementation_cmake: 6.1.0 (/opt/ros/humble/share/rmw_implementation_cmake/cmake)
[0.262s] -- Found rmw_fastrtps_cpp: 6.2.1 (/opt/ros/humble/share/rmw_fastrtps_cpp/cmake)
[0.357s] -- Using RMW implementation 'rmw_fastrtps_cpp' as default
[0.481s] -- Found ament_lint_auto: 0.12.4 (/opt/ros/humble/share/ament_lint_auto/cmake)
[0.536s] -- Added test 'cppcheck' to perform static code analysis on C / C++ code
[0.537s] -- Configured cppcheck include dirs: 
[0.537s] -- Configured cppcheck exclude dirs and/or files: 
[0.537s] -- Added test 'lint_cmake' to check CMake code style
[0.538s] -- Added test 'uncrustify' to check C / C++ code style
[0.538s] -- Configured uncrustify additional arguments: 
[0.538s] -- Added test 'xmllint' to check XML markup files
[0.538s] -- Configuring done
[0.547s] -- Generating done
[0.548s] -- Build files have been written to: /home/omar/repos/Robotics_intro_task/build/cpp_pub
[0.567s] [35m[1mConsolidate compiler generated dependencies of target talker[0m
[0.580s] [ 50%] [32mBuilding CXX object CMakeFiles/talker.dir/src/publisher.cpp.o[0m
[4.218s] [100%] [32m[1mLinking CXX executable talker[0m
[4.377s] [100%] Built target talker
[4.386s] Invoked command in '/home/omar/repos/Robotics_intro_task/build/cpp_pub' returned '0': CMAKE_PREFIX_PATH=/opt/ros/humble /usr/bin/cmake --build /home/omar/repos/Robotics_intro_task/build/cpp_pub -- -j8 -l8
[4.411s] Invoking command in '/home/omar/repos/Robotics_intro_task/build/cpp_pub': CMAKE_PREFIX_PATH=/opt/ros/humble /usr/bin/cmake --install /home/omar/repos/Robotics_intro_task/build/cpp_pub
[4.417s] -- Install configuration: ""
[4.417s] -- Installing: /home/omar/repos/Robotics_intro_task/install/cpp_pub/lib/cpp_pub/talker
[4.418s] -- Set runtime path of "/home/omar/repos/Robotics_intro_task/install/cpp_pub/lib/cpp_pub/talker" to ""
[4.418s] -- Up-to-date: /home/omar/repos/Robotics_intro_task/install/cpp_pub/share/ament_index/resource_index/package_run_dependencies/cpp_pub
[4.418s] -- Up-to-date: /home/omar/repos/Robotics_intro_task/install/cpp_pub/share/ament_index/resource_index/parent_prefix_path/cpp_pub
[4.418s] -- Up-to-date: /home/omar/repos/Robotics_intro_task/install/cpp_pub/share/cpp_pub/environment/ament_prefix_path.sh
[4.418s] -- Installing: /home/omar/repos/Robotics_intro_task/install/cpp_pub/share/cpp_pub/environment/ament_prefix_path.dsv
[4.419s] -- Up-to-date: /home/omar/repos/Robotics_intro_task/install/cpp_pub/share/cpp_pub/environment/path.sh
[4.419s] -- Installing: /home/omar/repos/Robotics_intro_task/install/cpp_pub/share/cpp_pub/environment/path.dsv
[4.419s] -- Up-to-date: /home/omar/repos/Robotics_intro_task/install/cpp_pub/share/cpp_pub/local_setup.bash
[4.419s] -- Up-to-date: /home/omar/repos/Robotics_intro_task/install/cpp_pub/share/cpp_pub/local_setup.sh
[4.419s] -- Up-to-date: /home/omar/repos/Robotics_intro_task/install/cpp_pub/share/cpp_pub/local_setup.zsh
[4.419s] -- Installing: /home/omar/repos/Robotics_intro_task/install/cpp_pub/share/cpp_pub/local_setup.dsv
[4.419s] -- Installing: /home/omar/repos/Robotics_intro_task/install/cpp_pub/share/cpp_pub/package.dsv
[4.419s] -- Up-to-date: /home/omar/repos/Robotics_intro_task/install/cpp_pub/share/ament_index/resource_index/packages/cpp_pub
[4.419s] -- Up-to-date: /home/omar/repos/Robotics_intro_task/install/cpp_pub/share/cpp_pub/cmake/cpp_pubConfig.cmake
[4.419s] -- Up-to-date: /home/omar/repos/Robotics_intro_task/install/cpp_pub/share/cpp_pub/cmake/cpp_pubConfig-version.cmake
[4.419s] -- Installing: /home/omar/repos/Robotics_intro_task/install/cpp_pub/share/cpp_pub/package.xml
[4.421s] Invoked command in '/home/omar/repos/Robotics_intro_task/build/cpp_pub' returned '0': CMAKE_PREFIX_PATH=/opt/ros/humble /usr/bin/cmake --install /home/omar/repos/Robotics_intro_task/build/cpp_pub
