[0.441s] DEBUG:colcon:Command line arguments: ['/usr/bin/colcon', 'list', '-p', '--base-paths', '/home/omar/repos/software_intro_task/Robotics_intro_task']
[0.441s] DEBUG:colcon:Parsed command line arguments: Namespace(log_base=None, log_level=None, verb_name='list', build_base='build', ignore_user_meta=False, metas=['./colcon.meta'], base_paths=['/home/omar/repos/software_intro_task/Robotics_intro_task'], packages_ignore=None, packages_ignore_regex=None, paths=None, packages_up_to=None, packages_up_to_regex=None, packages_above=None, packages_above_and_dependencies=None, packages_above_depth=None, packages_select_by_dep=None, packages_skip_by_dep=None, packages_skip_up_to=None, packages_select_build_failed=False, packages_skip_build_finished=False, packages_select_test_failures=False, packages_skip_test_passed=False, packages_select=None, packages_skip=None, packages_select_regex=None, packages_skip_regex=None, packages_start=None, packages_end=None, allow_overriding=[], topological_order=False, names_only=False, paths_only=True, topological_graph=False, topological_graph_dot=False, topological_graph_density=False, topological_graph_legend=False, topological_graph_dot_cluster=False, topological_graph_dot_include_skipped=False, verb_parser=<colcon_defaults.argument_parser.defaults.DefaultArgumentsDecorator object at 0x7fd906497f70>, verb_extension=<colcon_package_information.verb.list.ListVerb object at 0x7fd90669a710>, main=<bound method ListVerb.main of <colcon_package_information.verb.list.ListVerb object at 0x7fd90669a710>>)
[0.479s] Level 1:colcon.colcon_core.package_discovery:discover_packages(colcon_meta) check parameters
[0.479s] Level 1:colcon.colcon_core.package_discovery:discover_packages(recursive) check parameters
[0.479s] Level 1:colcon.colcon_core.package_discovery:discover_packages(ignore) check parameters
[0.479s] Level 1:colcon.colcon_core.package_discovery:discover_packages(path) check parameters
[0.479s] Level 1:colcon.colcon_core.package_discovery:discover_packages(recursive) discover
[0.480s] INFO:colcon.colcon_core.package_discovery:Crawling recursively for packages in '/home/omar/repos/software_intro_task/Robotics_intro_task'
[0.480s] Level 1:colcon.colcon_core.package_identification:_identify(/home/omar/repos/software_intro_task/Robotics_intro_task) by extensions ['ignore', 'ignore_ament_install']
[0.480s] Level 1:colcon.colcon_core.package_identification:_identify(/home/omar/repos/software_intro_task/Robotics_intro_task) by extension 'ignore'
[0.480s] Level 1:colcon.colcon_core.package_identification:_identify(/home/omar/repos/software_intro_task/Robotics_intro_task) by extension 'ignore_ament_install'
[0.480s] Level 1:colcon.colcon_core.package_identification:_identify(/home/omar/repos/software_intro_task/Robotics_intro_task) by extensions ['colcon_pkg']
[0.480s] Level 1:colcon.colcon_core.package_identification:_identify(/home/omar/repos/software_intro_task/Robotics_intro_task) by extension 'colcon_pkg'
[0.480s] Level 1:colcon.colcon_core.package_identification:_identify(/home/omar/repos/software_intro_task/Robotics_intro_task) by extensions ['colcon_meta']
[0.480s] Level 1:colcon.colcon_core.package_identification:_identify(/home/omar/repos/software_intro_task/Robotics_intro_task) by extension 'colcon_meta'
[0.480s] Level 1:colcon.colcon_core.package_identification:_identify(/home/omar/repos/software_intro_task/Robotics_intro_task) by extensions ['ros']
[0.480s] Level 1:colcon.colcon_core.package_identification:_identify(/home/omar/repos/software_intro_task/Robotics_intro_task) by extension 'ros'
[0.498s] Level 1:colcon.colcon_core.package_identification:_identify(/home/omar/repos/software_intro_task/Robotics_intro_task) by extensions ['cmake', 'python']
[0.498s] Level 1:colcon.colcon_core.package_identification:_identify(/home/omar/repos/software_intro_task/Robotics_intro_task) by extension 'cmake'
[0.499s] Level 1:colcon.colcon_core.package_identification:_identify(/home/omar/repos/software_intro_task/Robotics_intro_task) by extension 'python'
[0.499s] Level 1:colcon.colcon_core.package_identification:_identify(/home/omar/repos/software_intro_task/Robotics_intro_task) by extensions ['python_setup_py']
[0.499s] Level 1:colcon.colcon_core.package_identification:_identify(/home/omar/repos/software_intro_task/Robotics_intro_task) by extension 'python_setup_py'
[0.499s] Level 1:colcon.colcon_core.package_identification:_identify(/home/omar/repos/software_intro_task/Robotics_intro_task/build) by extensions ['ignore', 'ignore_ament_install']
[0.499s] Level 1:colcon.colcon_core.package_identification:_identify(/home/omar/repos/software_intro_task/Robotics_intro_task/build) by extension 'ignore'
[0.500s] Level 1:colcon.colcon_core.package_identification:_identify(/home/omar/repos/software_intro_task/Robotics_intro_task/build) ignored
[0.500s] Level 1:colcon.colcon_core.package_identification:_identify(/home/omar/repos/software_intro_task/Robotics_intro_task/install) by extensions ['ignore', 'ignore_ament_install']
[0.500s] Level 1:colcon.colcon_core.package_identification:_identify(/home/omar/repos/software_intro_task/Robotics_intro_task/install) by extension 'ignore'
[0.500s] Level 1:colcon.colcon_core.package_identification:_identify(/home/omar/repos/software_intro_task/Robotics_intro_task/install) ignored
[0.501s] Level 1:colcon.colcon_core.package_identification:_identify(/home/omar/repos/software_intro_task/Robotics_intro_task/log) by extensions ['ignore', 'ignore_ament_install']
[0.501s] Level 1:colcon.colcon_core.package_identification:_identify(/home/omar/repos/software_intro_task/Robotics_intro_task/log) by extension 'ignore'
[0.501s] Level 1:colcon.colcon_core.package_identification:_identify(/home/omar/repos/software_intro_task/Robotics_intro_task/log) ignored
[0.501s] Level 1:colcon.colcon_core.package_identification:_identify(/home/omar/repos/software_intro_task/Robotics_intro_task/src) by extensions ['ignore', 'ignore_ament_install']
[0.501s] Level 1:colcon.colcon_core.package_identification:_identify(/home/omar/repos/software_intro_task/Robotics_intro_task/src) by extension 'ignore'
[0.502s] Level 1:colcon.colcon_core.package_identification:_identify(/home/omar/repos/software_intro_task/Robotics_intro_task/src) by extension 'ignore_ament_install'
[0.502s] Level 1:colcon.colcon_core.package_identification:_identify(/home/omar/repos/software_intro_task/Robotics_intro_task/src) by extensions ['colcon_pkg']
[0.502s] Level 1:colcon.colcon_core.package_identification:_identify(/home/omar/repos/software_intro_task/Robotics_intro_task/src) by extension 'colcon_pkg'
[0.502s] Level 1:colcon.colcon_core.package_identification:_identify(/home/omar/repos/software_intro_task/Robotics_intro_task/src) by extensions ['colcon_meta']
[0.502s] Level 1:colcon.colcon_core.package_identification:_identify(/home/omar/repos/software_intro_task/Robotics_intro_task/src) by extension 'colcon_meta'
[0.502s] Level 1:colcon.colcon_core.package_identification:_identify(/home/omar/repos/software_intro_task/Robotics_intro_task/src) by extensions ['ros']
[0.502s] Level 1:colcon.colcon_core.package_identification:_identify(/home/omar/repos/software_intro_task/Robotics_intro_task/src) by extension 'ros'
[0.503s] Level 1:colcon.colcon_core.package_identification:_identify(/home/omar/repos/software_intro_task/Robotics_intro_task/src) by extensions ['cmake', 'python']
[0.503s] Level 1:colcon.colcon_core.package_identification:_identify(/home/omar/repos/software_intro_task/Robotics_intro_task/src) by extension 'cmake'
[0.503s] Level 1:colcon.colcon_core.package_identification:_identify(/home/omar/repos/software_intro_task/Robotics_intro_task/src) by extension 'python'
[0.503s] Level 1:colcon.colcon_core.package_identification:_identify(/home/omar/repos/software_intro_task/Robotics_intro_task/src) by extensions ['python_setup_py']
[0.503s] Level 1:colcon.colcon_core.package_identification:_identify(/home/omar/repos/software_intro_task/Robotics_intro_task/src) by extension 'python_setup_py'
[0.503s] Level 1:colcon.colcon_core.package_identification:_identify(/home/omar/repos/software_intro_task/Robotics_intro_task/src/cpp_pub) by extensions ['ignore', 'ignore_ament_install']
[0.504s] Level 1:colcon.colcon_core.package_identification:_identify(/home/omar/repos/software_intro_task/Robotics_intro_task/src/cpp_pub) by extension 'ignore'
[0.504s] Level 1:colcon.colcon_core.package_identification:_identify(/home/omar/repos/software_intro_task/Robotics_intro_task/src/cpp_pub) by extension 'ignore_ament_install'
[0.504s] Level 1:colcon.colcon_core.package_identification:_identify(/home/omar/repos/software_intro_task/Robotics_intro_task/src/cpp_pub) by extensions ['colcon_pkg']
[0.504s] Level 1:colcon.colcon_core.package_identification:_identify(/home/omar/repos/software_intro_task/Robotics_intro_task/src/cpp_pub) by extension 'colcon_pkg'
[0.504s] Level 1:colcon.colcon_core.package_identification:_identify(/home/omar/repos/software_intro_task/Robotics_intro_task/src/cpp_pub) by extensions ['colcon_meta']
[0.504s] Level 1:colcon.colcon_core.package_identification:_identify(/home/omar/repos/software_intro_task/Robotics_intro_task/src/cpp_pub) by extension 'colcon_meta'
[0.504s] Level 1:colcon.colcon_core.package_identification:_identify(/home/omar/repos/software_intro_task/Robotics_intro_task/src/cpp_pub) by extensions ['ros']
[0.504s] Level 1:colcon.colcon_core.package_identification:_identify(/home/omar/repos/software_intro_task/Robotics_intro_task/src/cpp_pub) by extension 'ros'
[0.508s] DEBUG:colcon.colcon_core.package_identification:Package '/home/omar/repos/software_intro_task/Robotics_intro_task/src/cpp_pub' with type 'ros.ament_cmake' and name 'cpp_pub'
[0.509s] Level 1:colcon.colcon_core.package_identification:_identify(/home/omar/repos/software_intro_task/Robotics_intro_task/src/py_sub) by extensions ['ignore', 'ignore_ament_install']
[0.509s] Level 1:colcon.colcon_core.package_identification:_identify(/home/omar/repos/software_intro_task/Robotics_intro_task/src/py_sub) by extension 'ignore'
[0.509s] Level 1:colcon.colcon_core.package_identification:_identify(/home/omar/repos/software_intro_task/Robotics_intro_task/src/py_sub) by extension 'ignore_ament_install'
[0.509s] Level 1:colcon.colcon_core.package_identification:_identify(/home/omar/repos/software_intro_task/Robotics_intro_task/src/py_sub) by extensions ['colcon_pkg']
[0.509s] Level 1:colcon.colcon_core.package_identification:_identify(/home/omar/repos/software_intro_task/Robotics_intro_task/src/py_sub) by extension 'colcon_pkg'
[0.509s] Level 1:colcon.colcon_core.package_identification:_identify(/home/omar/repos/software_intro_task/Robotics_intro_task/src/py_sub) by extensions ['colcon_meta']
[0.509s] Level 1:colcon.colcon_core.package_identification:_identify(/home/omar/repos/software_intro_task/Robotics_intro_task/src/py_sub) by extension 'colcon_meta'
[0.510s] Level 1:colcon.colcon_core.package_identification:_identify(/home/omar/repos/software_intro_task/Robotics_intro_task/src/py_sub) by extensions ['ros']
[0.510s] Level 1:colcon.colcon_core.package_identification:_identify(/home/omar/repos/software_intro_task/Robotics_intro_task/src/py_sub) by extension 'ros'
[0.511s] DEBUG:colcon.colcon_core.package_identification:Package '/home/omar/repos/software_intro_task/Robotics_intro_task/src/py_sub' with type 'ros.ament_python' and name 'py_sub'
[0.511s] Level 1:colcon.colcon_core.package_discovery:discover_packages(recursive) using defaults
