running egg_info
creating ../../build/py_sub/py_sub.egg-info
writing ../../build/py_sub/py_sub.egg-info/PKG-INFO
writing dependency_links to ../../build/py_sub/py_sub.egg-info/dependency_links.txt
writing entry points to ../../build/py_sub/py_sub.egg-info/entry_points.txt
writing requirements to ../../build/py_sub/py_sub.egg-info/requires.txt
writing top-level names to ../../build/py_sub/py_sub.egg-info/top_level.txt
writing manifest file '../../build/py_sub/py_sub.egg-info/SOURCES.txt'
reading manifest file '../../build/py_sub/py_sub.egg-info/SOURCES.txt'
writing manifest file '../../build/py_sub/py_sub.egg-info/SOURCES.txt'
running build
running build_py
creating /home/omar/repos/Robotics_intro_task/build/py_sub/build
creating /home/omar/repos/Robotics_intro_task/build/py_sub/build/lib
creating /home/omar/repos/Robotics_intro_task/build/py_sub/build/lib/py_sub
copying py_sub/subscriber.py -> /home/omar/repos/Robotics_intro_task/build/py_sub/build/lib/py_sub
copying py_sub/__init__.py -> /home/omar/repos/Robotics_intro_task/build/py_sub/build/lib/py_sub
running install
running install_lib
creating /home/omar/repos/Robotics_intro_task/install/py_sub/lib/python3.10/site-packages/py_sub
copying /home/omar/repos/Robotics_intro_task/build/py_sub/build/lib/py_sub/subscriber.py -> /home/omar/repos/Robotics_intro_task/install/py_sub/lib/python3.10/site-packages/py_sub
copying /home/omar/repos/Robotics_intro_task/build/py_sub/build/lib/py_sub/__init__.py -> /home/omar/repos/Robotics_intro_task/install/py_sub/lib/python3.10/site-packages/py_sub
byte-compiling /home/omar/repos/Robotics_intro_task/install/py_sub/lib/python3.10/site-packages/py_sub/subscriber.py to subscriber.cpython-310.pyc
byte-compiling /home/omar/repos/Robotics_intro_task/install/py_sub/lib/python3.10/site-packages/py_sub/__init__.py to __init__.cpython-310.pyc
running install_data
creating /home/omar/repos/Robotics_intro_task/install/py_sub/share/ament_index
creating /home/omar/repos/Robotics_intro_task/install/py_sub/share/ament_index/resource_index
creating /home/omar/repos/Robotics_intro_task/install/py_sub/share/ament_index/resource_index/packages
copying resource/py_sub -> /home/omar/repos/Robotics_intro_task/install/py_sub/share/ament_index/resource_index/packages
copying package.xml -> /home/omar/repos/Robotics_intro_task/install/py_sub/share/py_sub
running install_egg_info
Copying ../../build/py_sub/py_sub.egg-info to /home/omar/repos/Robotics_intro_task/install/py_sub/lib/python3.10/site-packages/py_sub-0.0.0-py3.10.egg-info
running install_scripts
writing list of installed files to '/home/omar/repos/Robotics_intro_task/build/py_sub/install.log'
