[0.555s] Invoking command in '/home/omar/repos/Robotics_intro_task/src/py_sub': PYTHONPATH=/home/omar/repos/Robotics_intro_task/install/py_sub/lib/python3.10/site-packages:${PYTHONPATH} /usr/bin/python3 setup.py egg_info --egg-base ../../build/py_sub build --build-base /home/omar/repos/Robotics_intro_task/build/py_sub/build install --prefix /home/omar/repos/Robotics_intro_task/install/py_sub --record /home/omar/repos/Robotics_intro_task/build/py_sub/install.log --single-version-externally-managed
[0.783s] running egg_info
[0.783s] creating ../../build/py_sub/py_sub.egg-info
[0.784s] writing ../../build/py_sub/py_sub.egg-info/PKG-INFO
[0.784s] writing dependency_links to ../../build/py_sub/py_sub.egg-info/dependency_links.txt
[0.784s] writing entry points to ../../build/py_sub/py_sub.egg-info/entry_points.txt
[0.784s] writing requirements to ../../build/py_sub/py_sub.egg-info/requires.txt
[0.784s] writing top-level names to ../../build/py_sub/py_sub.egg-info/top_level.txt
[0.785s] writing manifest file '../../build/py_sub/py_sub.egg-info/SOURCES.txt'
[0.787s] reading manifest file '../../build/py_sub/py_sub.egg-info/SOURCES.txt'
[0.787s] writing manifest file '../../build/py_sub/py_sub.egg-info/SOURCES.txt'
[0.787s] running build
[0.787s] running build_py
[0.787s] creating /home/omar/repos/Robotics_intro_task/build/py_sub/build
[0.788s] creating /home/omar/repos/Robotics_intro_task/build/py_sub/build/lib
[0.788s] creating /home/omar/repos/Robotics_intro_task/build/py_sub/build/lib/py_sub
[0.788s] copying py_sub/subscriber.py -> /home/omar/repos/Robotics_intro_task/build/py_sub/build/lib/py_sub
[0.788s] copying py_sub/__init__.py -> /home/omar/repos/Robotics_intro_task/build/py_sub/build/lib/py_sub
[0.788s] running install
[0.788s] /usr/lib/python3/dist-packages/setuptools/command/install.py:34: SetuptoolsDeprecationWarning: setup.py install is deprecated. Use build and pip and other standards-based tools.
[0.789s]   warnings.warn(
[0.789s] running install_lib
[0.790s] creating /home/omar/repos/Robotics_intro_task/install/py_sub/lib/python3.10/site-packages/py_sub
[0.790s] copying /home/omar/repos/Robotics_intro_task/build/py_sub/build/lib/py_sub/subscriber.py -> /home/omar/repos/Robotics_intro_task/install/py_sub/lib/python3.10/site-packages/py_sub
[0.790s] copying /home/omar/repos/Robotics_intro_task/build/py_sub/build/lib/py_sub/__init__.py -> /home/omar/repos/Robotics_intro_task/install/py_sub/lib/python3.10/site-packages/py_sub
[0.791s] byte-compiling /home/omar/repos/Robotics_intro_task/install/py_sub/lib/python3.10/site-packages/py_sub/subscriber.py to subscriber.cpython-310.pyc
[0.791s] byte-compiling /home/omar/repos/Robotics_intro_task/install/py_sub/lib/python3.10/site-packages/py_sub/__init__.py to __init__.cpython-310.pyc
[0.791s] running install_data
[0.792s] creating /home/omar/repos/Robotics_intro_task/install/py_sub/share/ament_index
[0.793s] creating /home/omar/repos/Robotics_intro_task/install/py_sub/share/ament_index/resource_index
[0.793s] creating /home/omar/repos/Robotics_intro_task/install/py_sub/share/ament_index/resource_index/packages
[0.793s] copying resource/py_sub -> /home/omar/repos/Robotics_intro_task/install/py_sub/share/ament_index/resource_index/packages
[0.793s] copying package.xml -> /home/omar/repos/Robotics_intro_task/install/py_sub/share/py_sub
[0.793s] running install_egg_info
[0.795s] Copying ../../build/py_sub/py_sub.egg-info to /home/omar/repos/Robotics_intro_task/install/py_sub/lib/python3.10/site-packages/py_sub-0.0.0-py3.10.egg-info
[0.796s] running install_scripts
[0.818s] writing list of installed files to '/home/omar/repos/Robotics_intro_task/build/py_sub/install.log'
[0.847s] Invoked command in '/home/omar/repos/Robotics_intro_task/src/py_sub' returned '0': PYTHONPATH=/home/omar/repos/Robotics_intro_task/install/py_sub/lib/python3.10/site-packages:${PYTHONPATH} /usr/bin/python3 setup.py egg_info --egg-base ../../build/py_sub build --build-base /home/omar/repos/Robotics_intro_task/build/py_sub/build install --prefix /home/omar/repos/Robotics_intro_task/install/py_sub --record /home/omar/repos/Robotics_intro_task/build/py_sub/install.log --single-version-externally-managed
