[0.746s] Invoking command in '/home/omar/repos/Robotics_intro_task/src/py_sub': PYTHONPATH=/home/omar/repos/Robotics_intro_task/install/py_sub/lib/python3.10/site-packages:${PYTHONPATH} /usr/bin/python3 setup.py egg_info --egg-base ../../build/py_sub build --build-base /home/omar/repos/Robotics_intro_task/build/py_sub/build install --prefix /home/omar/repos/Robotics_intro_task/install/py_sub --record /home/omar/repos/Robotics_intro_task/build/py_sub/install.log --single-version-externally-managed
[1.033s] running egg_info
[1.035s] writing ../../build/py_sub/py_sub.egg-info/PKG-INFO
[1.035s] writing dependency_links to ../../build/py_sub/py_sub.egg-info/dependency_links.txt
[1.035s] writing entry points to ../../build/py_sub/py_sub.egg-info/entry_points.txt
[1.036s] writing requirements to ../../build/py_sub/py_sub.egg-info/requires.txt
[1.036s] writing top-level names to ../../build/py_sub/py_sub.egg-info/top_level.txt
[1.040s] reading manifest file '../../build/py_sub/py_sub.egg-info/SOURCES.txt'
[1.042s] writing manifest file '../../build/py_sub/py_sub.egg-info/SOURCES.txt'
[1.042s] running build
[1.043s] running build_py
[1.044s] running install
[1.044s] /usr/lib/python3/dist-packages/setuptools/command/install.py:34: SetuptoolsDeprecationWarning: setup.py install is deprecated. Use build and pip and other standards-based tools.
[1.044s]   warnings.warn(
[1.045s] running install_lib
[1.048s] running install_data
[1.049s] running install_egg_info
[1.052s] removing '/home/omar/repos/Robotics_intro_task/install/py_sub/lib/python3.10/site-packages/py_sub-0.0.0-py3.10.egg-info' (and everything under it)
[1.054s] Copying ../../build/py_sub/py_sub.egg-info to /home/omar/repos/Robotics_intro_task/install/py_sub/lib/python3.10/site-packages/py_sub-0.0.0-py3.10.egg-info
[1.056s] running install_scripts
[1.083s] writing list of installed files to '/home/omar/repos/Robotics_intro_task/build/py_sub/install.log'
[1.118s] Invoked command in '/home/omar/repos/Robotics_intro_task/src/py_sub' returned '0': PYTHONPATH=/home/omar/repos/Robotics_intro_task/install/py_sub/lib/python3.10/site-packages:${PYTHONPATH} /usr/bin/python3 setup.py egg_info --egg-base ../../build/py_sub build --build-base /home/omar/repos/Robotics_intro_task/build/py_sub/build install --prefix /home/omar/repos/Robotics_intro_task/install/py_sub --record /home/omar/repos/Robotics_intro_task/build/py_sub/install.log --single-version-externally-managed
