[0.583s] Invoking command in '/home/omar/repos/Robotics_intro_task/src/py_sub': PYTHONPATH=/home/omar/repos/Robotics_intro_task/install/py_sub/lib/python3.10/site-packages:${PYTHONPATH} /usr/bin/python3 setup.py egg_info --egg-base ../../build/py_sub build --build-base /home/omar/repos/Robotics_intro_task/build/py_sub/build install --prefix /home/omar/repos/Robotics_intro_task/install/py_sub --record /home/omar/repos/Robotics_intro_task/build/py_sub/install.log --single-version-externally-managed
[0.796s] running egg_info
[0.796s] writing ../../build/py_sub/py_sub.egg-info/PKG-INFO
[0.797s] writing dependency_links to ../../build/py_sub/py_sub.egg-info/dependency_links.txt
[0.797s] writing entry points to ../../build/py_sub/py_sub.egg-info/entry_points.txt
[0.797s] writing requirements to ../../build/py_sub/py_sub.egg-info/requires.txt
[0.797s] writing top-level names to ../../build/py_sub/py_sub.egg-info/top_level.txt
[0.799s] reading manifest file '../../build/py_sub/py_sub.egg-info/SOURCES.txt'
[0.800s] writing manifest file '../../build/py_sub/py_sub.egg-info/SOURCES.txt'
[0.800s] running build
[0.800s] running build_py
[0.800s] copying py_sub/subscriber.py -> /home/omar/repos/Robotics_intro_task/build/py_sub/build/lib/py_sub
[0.800s] running install
[0.801s] /usr/lib/python3/dist-packages/setuptools/command/install.py:34: SetuptoolsDeprecationWarning: setup.py install is deprecated. Use build and pip and other standards-based tools.
[0.801s]   warnings.warn(
[0.801s] running install_lib
[0.802s] copying /home/omar/repos/Robotics_intro_task/build/py_sub/build/lib/py_sub/subscriber.py -> /home/omar/repos/Robotics_intro_task/install/py_sub/lib/python3.10/site-packages/py_sub
[0.802s] byte-compiling /home/omar/repos/Robotics_intro_task/install/py_sub/lib/python3.10/site-packages/py_sub/subscriber.py to subscriber.cpython-310.pyc
[0.803s]   File "/home/omar/repos/Robotics_intro_task/install/py_sub/lib/python3.10/site-packages/py_sub/subscriber.py", line 12
[0.803s]     //re.findall(r'\d+',msg.data)
[0.803s]     ^^
[0.803s] SyntaxError: invalid syntax
[0.803s] 
[0.803s] running install_data
[0.803s] running install_egg_info
[0.805s] removing '/home/omar/repos/Robotics_intro_task/install/py_sub/lib/python3.10/site-packages/py_sub-0.0.0-py3.10.egg-info' (and everything under it)
[0.805s] Copying ../../build/py_sub/py_sub.egg-info to /home/omar/repos/Robotics_intro_task/install/py_sub/lib/python3.10/site-packages/py_sub-0.0.0-py3.10.egg-info
[0.806s] running install_scripts
[0.827s] writing list of installed files to '/home/omar/repos/Robotics_intro_task/build/py_sub/install.log'
[0.856s] Invoked command in '/home/omar/repos/Robotics_intro_task/src/py_sub' returned '0': PYTHONPATH=/home/omar/repos/Robotics_intro_task/install/py_sub/lib/python3.10/site-packages:${PYTHONPATH} /usr/bin/python3 setup.py egg_info --egg-base ../../build/py_sub build --build-base /home/omar/repos/Robotics_intro_task/build/py_sub/build install --prefix /home/omar/repos/Robotics_intro_task/install/py_sub --record /home/omar/repos/Robotics_intro_task/build/py_sub/install.log --single-version-externally-managed
