[0.545s] Invoking command in '/home/omar/repos/Robotics_intro_task/src/py_sub': PYTHONPATH=/home/omar/repos/Robotics_intro_task/install/py_sub/lib/python3.10/site-packages:${PYTHONPATH} /usr/bin/python3 setup.py egg_info --egg-base ../../build/py_sub build --build-base /home/omar/repos/Robotics_intro_task/build/py_sub/build install --prefix /home/omar/repos/Robotics_intro_task/install/py_sub --record /home/omar/repos/Robotics_intro_task/build/py_sub/install.log --single-version-externally-managed
[0.748s] running egg_info
[0.748s] writing ../../build/py_sub/py_sub.egg-info/PKG-INFO
[0.749s] writing dependency_links to ../../build/py_sub/py_sub.egg-info/dependency_links.txt
[0.749s] writing entry points to ../../build/py_sub/py_sub.egg-info/entry_points.txt
[0.749s] writing requirements to ../../build/py_sub/py_sub.egg-info/requires.txt
[0.749s] writing top-level names to ../../build/py_sub/py_sub.egg-info/top_level.txt
[0.751s] reading manifest file '../../build/py_sub/py_sub.egg-info/SOURCES.txt'
[0.751s] writing manifest file '../../build/py_sub/py_sub.egg-info/SOURCES.txt'
[0.752s] running build
[0.752s] running build_py
[0.752s] copying py_sub/subscriber.py -> /home/omar/repos/Robotics_intro_task/build/py_sub/build/lib/py_sub
[0.752s] running install
[0.752s] /usr/lib/python3/dist-packages/setuptools/command/install.py:34: SetuptoolsDeprecationWarning: setup.py install is deprecated. Use build and pip and other standards-based tools.
[0.752s]   warnings.warn(
[0.752s] running install_lib
[0.753s] copying /home/omar/repos/Robotics_intro_task/build/py_sub/build/lib/py_sub/subscriber.py -> /home/omar/repos/Robotics_intro_task/install/py_sub/lib/python3.10/site-packages/py_sub
[0.754s] byte-compiling /home/omar/repos/Robotics_intro_task/install/py_sub/lib/python3.10/site-packages/py_sub/subscriber.py to subscriber.cpython-310.pyc
[0.754s] running install_data
[0.754s] running install_egg_info
[0.756s] removing '/home/omar/repos/Robotics_intro_task/install/py_sub/lib/python3.10/site-packages/py_sub-0.0.0-py3.10.egg-info' (and everything under it)
[0.756s] Copying ../../build/py_sub/py_sub.egg-info to /home/omar/repos/Robotics_intro_task/install/py_sub/lib/python3.10/site-packages/py_sub-0.0.0-py3.10.egg-info
[0.757s] running install_scripts
[0.775s] Installing listener script to /home/omar/repos/Robotics_intro_task/install/py_sub/lib/py_sub
[0.775s] writing list of installed files to '/home/omar/repos/Robotics_intro_task/build/py_sub/install.log'
[0.802s] Invoked command in '/home/omar/repos/Robotics_intro_task/src/py_sub' returned '0': PYTHONPATH=/home/omar/repos/Robotics_intro_task/install/py_sub/lib/python3.10/site-packages:${PYTHONPATH} /usr/bin/python3 setup.py egg_info --egg-base ../../build/py_sub build --build-base /home/omar/repos/Robotics_intro_task/build/py_sub/build install --prefix /home/omar/repos/Robotics_intro_task/install/py_sub --record /home/omar/repos/Robotics_intro_task/build/py_sub/install.log --single-version-externally-managed
