[0.228s] DEBUG:colcon:Command line arguments: ['/usr/bin/colcon', 'build']
[0.228s] DEBUG:colcon:Parsed command line arguments: Namespace(log_base=None, log_level=None, verb_name='build', build_base='build', install_base='install', merge_install=False, symlink_install=False, test_result_base=None, continue_on_error=False, executor='parallel', parallel_workers=8, event_handlers=None, ignore_user_meta=False, metas=['./colcon.meta'], base_paths=['.'], packages_ignore=None, packages_ignore_regex=None, paths=None, packages_up_to=None, packages_up_to_regex=None, packages_above=None, packages_above_and_dependencies=None, packages_above_depth=None, packages_select_by_dep=None, packages_skip_by_dep=None, packages_skip_up_to=None, packages_select_build_failed=False, packages_skip_build_finished=False, packages_select_test_failures=False, packages_skip_test_passed=False, packages_select=None, packages_skip=None, packages_select_regex=None, packages_skip_regex=None, packages_start=None, packages_end=None, allow_overriding=[], cmake_args=None, cmake_target=None, cmake_target_skip_unavailable=False, cmake_clean_cache=False, cmake_clean_first=False, cmake_force_configure=False, ament_cmake_args=None, catkin_cmake_args=None, catkin_skip_building_tests=False, verb_parser=<colcon_defaults.argument_parser.defaults.DefaultArgumentsDecorator object at 0x7f1fdc47ada0>, verb_extension=<colcon_core.verb.build.BuildVerb object at 0x7f1fdc643be0>, main=<bound method BuildVerb.main of <colcon_core.verb.build.BuildVerb object at 0x7f1fdc643be0>>)
[0.246s] Level 1:colcon.colcon_core.package_discovery:discover_packages(colcon_meta) check parameters
[0.246s] Level 1:colcon.colcon_core.package_discovery:discover_packages(recursive) check parameters
[0.246s] Level 1:colcon.colcon_core.package_discovery:discover_packages(ignore) check parameters
[0.246s] Level 1:colcon.colcon_core.package_discovery:discover_packages(path) check parameters
[0.246s] Level 1:colcon.colcon_core.package_discovery:discover_packages(colcon_meta) discover
[0.247s] Level 1:colcon.colcon_core.package_discovery:discover_packages(recursive) discover
[0.247s] INFO:colcon.colcon_core.package_discovery:Crawling recursively for packages in '/home/omar/repos/Robotics_intro_task'
[0.247s] Level 1:colcon.colcon_core.package_identification:_identify(.) by extensions ['ignore', 'ignore_ament_install']
[0.247s] Level 1:colcon.colcon_core.package_identification:_identify(.) by extension 'ignore'
[0.247s] Level 1:colcon.colcon_core.package_identification:_identify(.) by extension 'ignore_ament_install'
[0.247s] Level 1:colcon.colcon_core.package_identification:_identify(.) by extensions ['colcon_pkg']
[0.247s] Level 1:colcon.colcon_core.package_identification:_identify(.) by extension 'colcon_pkg'
[0.248s] Level 1:colcon.colcon_core.package_identification:_identify(.) by extensions ['colcon_meta']
[0.248s] Level 1:colcon.colcon_core.package_identification:_identify(.) by extension 'colcon_meta'
[0.248s] Level 1:colcon.colcon_core.package_identification:_identify(.) by extensions ['ros']
[0.248s] Level 1:colcon.colcon_core.package_identification:_identify(.) by extension 'ros'
[0.264s] Level 1:colcon.colcon_core.package_identification:_identify(.) by extensions ['cmake', 'python']
[0.264s] Level 1:colcon.colcon_core.package_identification:_identify(.) by extension 'cmake'
[0.264s] Level 1:colcon.colcon_core.package_identification:_identify(.) by extension 'python'
[0.264s] Level 1:colcon.colcon_core.package_identification:_identify(.) by extensions ['python_setup_py']
[0.265s] Level 1:colcon.colcon_core.package_identification:_identify(.) by extension 'python_setup_py'
[0.265s] Level 1:colcon.colcon_core.package_identification:_identify(build) by extensions ['ignore', 'ignore_ament_install']
[0.265s] Level 1:colcon.colcon_core.package_identification:_identify(build) by extension 'ignore'
[0.265s] Level 1:colcon.colcon_core.package_identification:_identify(build) ignored
[0.265s] Level 1:colcon.colcon_core.package_identification:_identify(install) by extensions ['ignore', 'ignore_ament_install']
[0.265s] Level 1:colcon.colcon_core.package_identification:_identify(install) by extension 'ignore'
[0.266s] Level 1:colcon.colcon_core.package_identification:_identify(install) ignored
[0.266s] Level 1:colcon.colcon_core.package_identification:_identify(log) by extensions ['ignore', 'ignore_ament_install']
[0.266s] Level 1:colcon.colcon_core.package_identification:_identify(log) by extension 'ignore'
[0.266s] Level 1:colcon.colcon_core.package_identification:_identify(log) ignored
[0.266s] Level 1:colcon.colcon_core.package_identification:_identify(src) by extensions ['ignore', 'ignore_ament_install']
[0.266s] Level 1:colcon.colcon_core.package_identification:_identify(src) by extension 'ignore'
[0.266s] Level 1:colcon.colcon_core.package_identification:_identify(src) by extension 'ignore_ament_install'
[0.266s] Level 1:colcon.colcon_core.package_identification:_identify(src) by extensions ['colcon_pkg']
[0.266s] Level 1:colcon.colcon_core.package_identification:_identify(src) by extension 'colcon_pkg'
[0.267s] Level 1:colcon.colcon_core.package_identification:_identify(src) by extensions ['colcon_meta']
[0.267s] Level 1:colcon.colcon_core.package_identification:_identify(src) by extension 'colcon_meta'
[0.267s] Level 1:colcon.colcon_core.package_identification:_identify(src) by extensions ['ros']
[0.267s] Level 1:colcon.colcon_core.package_identification:_identify(src) by extension 'ros'
[0.267s] Level 1:colcon.colcon_core.package_identification:_identify(src) by extensions ['cmake', 'python']
[0.267s] Level 1:colcon.colcon_core.package_identification:_identify(src) by extension 'cmake'
[0.267s] Level 1:colcon.colcon_core.package_identification:_identify(src) by extension 'python'
[0.267s] Level 1:colcon.colcon_core.package_identification:_identify(src) by extensions ['python_setup_py']
[0.267s] Level 1:colcon.colcon_core.package_identification:_identify(src) by extension 'python_setup_py'
[0.267s] Level 1:colcon.colcon_core.package_identification:_identify(src/cpp_pub) by extensions ['ignore', 'ignore_ament_install']
[0.267s] Level 1:colcon.colcon_core.package_identification:_identify(src/cpp_pub) by extension 'ignore'
[0.267s] Level 1:colcon.colcon_core.package_identification:_identify(src/cpp_pub) by extension 'ignore_ament_install'
[0.267s] Level 1:colcon.colcon_core.package_identification:_identify(src/cpp_pub) by extensions ['colcon_pkg']
[0.268s] Level 1:colcon.colcon_core.package_identification:_identify(src/cpp_pub) by extension 'colcon_pkg'
[0.268s] Level 1:colcon.colcon_core.package_identification:_identify(src/cpp_pub) by extensions ['colcon_meta']
[0.268s] Level 1:colcon.colcon_core.package_identification:_identify(src/cpp_pub) by extension 'colcon_meta'
[0.268s] Level 1:colcon.colcon_core.package_identification:_identify(src/cpp_pub) by extensions ['ros']
[0.268s] Level 1:colcon.colcon_core.package_identification:_identify(src/cpp_pub) by extension 'ros'
[0.270s] DEBUG:colcon.colcon_core.package_identification:Package 'src/cpp_pub' with type 'ros.ament_cmake' and name 'cpp_pub'
[0.270s] Level 1:colcon.colcon_core.package_identification:_identify(src/py_sub) by extensions ['ignore', 'ignore_ament_install']
[0.270s] Level 1:colcon.colcon_core.package_identification:_identify(src/py_sub) by extension 'ignore'
[0.270s] Level 1:colcon.colcon_core.package_identification:_identify(src/py_sub) by extension 'ignore_ament_install'
[0.270s] Level 1:colcon.colcon_core.package_identification:_identify(src/py_sub) by extensions ['colcon_pkg']
[0.270s] Level 1:colcon.colcon_core.package_identification:_identify(src/py_sub) by extension 'colcon_pkg'
[0.270s] Level 1:colcon.colcon_core.package_identification:_identify(src/py_sub) by extensions ['colcon_meta']
[0.271s] Level 1:colcon.colcon_core.package_identification:_identify(src/py_sub) by extension 'colcon_meta'
[0.271s] Level 1:colcon.colcon_core.package_identification:_identify(src/py_sub) by extensions ['ros']
[0.271s] Level 1:colcon.colcon_core.package_identification:_identify(src/py_sub) by extension 'ros'
[0.271s] DEBUG:colcon.colcon_core.package_identification:Package 'src/py_sub' with type 'ros.ament_python' and name 'py_sub'
[0.271s] Level 1:colcon.colcon_core.package_discovery:discover_packages(recursive) using defaults
[0.271s] Level 1:colcon.colcon_core.package_discovery:discover_packages(ignore) discover
[0.271s] Level 1:colcon.colcon_core.package_discovery:discover_packages(ignore) using defaults
[0.271s] Level 1:colcon.colcon_core.package_discovery:discover_packages(path) discover
[0.271s] Level 1:colcon.colcon_core.package_discovery:discover_packages(path) using defaults
[0.290s] Level 1:colcon.colcon_core.package_discovery:discover_packages(prefix_path) check parameters
[0.290s] Level 1:colcon.colcon_core.package_discovery:discover_packages(prefix_path) discover
[0.293s] DEBUG:colcon.colcon_installed_package_information.package_discovery:Found 283 installed packages in /opt/ros/humble
[0.294s] Level 1:colcon.colcon_core.package_discovery:discover_packages(prefix_path) using defaults
[0.341s] Level 5:colcon.colcon_core.verb:set package 'cpp_pub' build argument 'cmake_args' from command line to 'None'
[0.341s] Level 5:colcon.colcon_core.verb:set package 'cpp_pub' build argument 'cmake_target' from command line to 'None'
[0.341s] Level 5:colcon.colcon_core.verb:set package 'cpp_pub' build argument 'cmake_target_skip_unavailable' from command line to 'False'
[0.341s] Level 5:colcon.colcon_core.verb:set package 'cpp_pub' build argument 'cmake_clean_cache' from command line to 'False'
[0.341s] Level 5:colcon.colcon_core.verb:set package 'cpp_pub' build argument 'cmake_clean_first' from command line to 'False'
[0.341s] Level 5:colcon.colcon_core.verb:set package 'cpp_pub' build argument 'cmake_force_configure' from command line to 'False'
[0.341s] Level 5:colcon.colcon_core.verb:set package 'cpp_pub' build argument 'ament_cmake_args' from command line to 'None'
[0.341s] Level 5:colcon.colcon_core.verb:set package 'cpp_pub' build argument 'catkin_cmake_args' from command line to 'None'
[0.341s] Level 5:colcon.colcon_core.verb:set package 'cpp_pub' build argument 'catkin_skip_building_tests' from command line to 'False'
[0.341s] DEBUG:colcon.colcon_core.verb:Building package 'cpp_pub' with the following arguments: {'ament_cmake_args': None, 'build_base': '/home/omar/repos/Robotics_intro_task/build/cpp_pub', 'catkin_cmake_args': None, 'catkin_skip_building_tests': False, 'cmake_args': None, 'cmake_clean_cache': False, 'cmake_clean_first': False, 'cmake_force_configure': False, 'cmake_target': None, 'cmake_target_skip_unavailable': False, 'install_base': '/home/omar/repos/Robotics_intro_task/install/cpp_pub', 'merge_install': False, 'path': '/home/omar/repos/Robotics_intro_task/src/cpp_pub', 'symlink_install': False, 'test_result_base': None}
[0.342s] Level 5:colcon.colcon_core.verb:set package 'py_sub' build argument 'cmake_args' from command line to 'None'
[0.342s] Level 5:colcon.colcon_core.verb:set package 'py_sub' build argument 'cmake_target' from command line to 'None'
[0.342s] Level 5:colcon.colcon_core.verb:set package 'py_sub' build argument 'cmake_target_skip_unavailable' from command line to 'False'
[0.342s] Level 5:colcon.colcon_core.verb:set package 'py_sub' build argument 'cmake_clean_cache' from command line to 'False'
[0.342s] Level 5:colcon.colcon_core.verb:set package 'py_sub' build argument 'cmake_clean_first' from command line to 'False'
[0.342s] Level 5:colcon.colcon_core.verb:set package 'py_sub' build argument 'cmake_force_configure' from command line to 'False'
[0.342s] Level 5:colcon.colcon_core.verb:set package 'py_sub' build argument 'ament_cmake_args' from command line to 'None'
[0.342s] Level 5:colcon.colcon_core.verb:set package 'py_sub' build argument 'catkin_cmake_args' from command line to 'None'
[0.342s] Level 5:colcon.colcon_core.verb:set package 'py_sub' build argument 'catkin_skip_building_tests' from command line to 'False'
[0.342s] DEBUG:colcon.colcon_core.verb:Building package 'py_sub' with the following arguments: {'ament_cmake_args': None, 'build_base': '/home/omar/repos/Robotics_intro_task/build/py_sub', 'catkin_cmake_args': None, 'catkin_skip_building_tests': False, 'cmake_args': None, 'cmake_clean_cache': False, 'cmake_clean_first': False, 'cmake_force_configure': False, 'cmake_target': None, 'cmake_target_skip_unavailable': False, 'install_base': '/home/omar/repos/Robotics_intro_task/install/py_sub', 'merge_install': False, 'path': '/home/omar/repos/Robotics_intro_task/src/py_sub', 'symlink_install': False, 'test_result_base': None}
[0.343s] INFO:colcon.colcon_core.executor:Executing jobs using 'parallel' executor
[0.346s] DEBUG:colcon.colcon_parallel_executor.executor.parallel:run_until_complete
[0.346s] INFO:colcon.colcon_ros.task.ament_cmake.build:Building ROS package in '/home/omar/repos/Robotics_intro_task/src/cpp_pub' with build type 'ament_cmake'
[0.347s] INFO:colcon.colcon_cmake.task.cmake.build:Building CMake package in '/home/omar/repos/Robotics_intro_task/src/cpp_pub'
[0.351s] INFO:colcon.colcon_core.plugin_system:Skipping extension 'colcon_core.shell.bat': Not used on non-Windows systems
[0.351s] INFO:colcon.colcon_core.shell:Skip shell extension 'powershell' for command environment: Not usable outside of PowerShell
[0.351s] DEBUG:colcon.colcon_core.shell:Skip shell extension 'dsv' for command environment
[0.354s] INFO:colcon.colcon_ros.task.ament_python.build:Building ROS package in '/home/omar/repos/Robotics_intro_task/src/py_sub' with build type 'ament_python'
[0.354s] Level 1:colcon.colcon_core.shell:create_environment_hook('py_sub', 'ament_prefix_path')
[0.356s] INFO:colcon.colcon_core.shell:Creating environment hook '/home/omar/repos/Robotics_intro_task/install/py_sub/share/py_sub/hook/ament_prefix_path.ps1'
[0.356s] INFO:colcon.colcon_core.shell:Creating environment descriptor '/home/omar/repos/Robotics_intro_task/install/py_sub/share/py_sub/hook/ament_prefix_path.dsv'
[0.357s] INFO:colcon.colcon_core.shell:Creating environment hook '/home/omar/repos/Robotics_intro_task/install/py_sub/share/py_sub/hook/ament_prefix_path.sh'
[0.358s] INFO:colcon.colcon_core.shell:Skip shell extension 'powershell' for command environment: Not usable outside of PowerShell
[0.358s] DEBUG:colcon.colcon_core.shell:Skip shell extension 'dsv' for command environment
[0.370s] DEBUG:colcon.colcon_core.event_handler.log_command:Invoking command in '/home/omar/repos/Robotics_intro_task/build/cpp_pub': CMAKE_PREFIX_PATH=/opt/ros/humble /usr/bin/cmake --build /home/omar/repos/Robotics_intro_task/build/cpp_pub -- -j8 -l8
[0.577s] INFO:colcon.colcon_core.task.python.build:Building Python package in '/home/omar/repos/Robotics_intro_task/src/py_sub'
[0.578s] INFO:colcon.colcon_core.shell:Skip shell extension 'powershell' for command environment: Not usable outside of PowerShell
[0.578s] DEBUG:colcon.colcon_core.shell:Skip shell extension 'dsv' for command environment
[0.582s] DEBUG:colcon.colcon_core.event_handler.log_command:Invoked command in '/home/omar/repos/Robotics_intro_task/build/cpp_pub' returned '0': CMAKE_PREFIX_PATH=/opt/ros/humble /usr/bin/cmake --build /home/omar/repos/Robotics_intro_task/build/cpp_pub -- -j8 -l8
[0.607s] DEBUG:colcon.colcon_core.event_handler.log_command:Invoking command in '/home/omar/repos/Robotics_intro_task/build/cpp_pub': CMAKE_PREFIX_PATH=/opt/ros/humble /usr/bin/cmake --install /home/omar/repos/Robotics_intro_task/build/cpp_pub
[0.615s] Level 1:colcon.colcon_core.environment:create_environment_scripts_only(cpp_pub)
[0.616s] DEBUG:colcon.colcon_core.event_handler.log_command:Invoked command in '/home/omar/repos/Robotics_intro_task/build/cpp_pub' returned '0': CMAKE_PREFIX_PATH=/opt/ros/humble /usr/bin/cmake --install /home/omar/repos/Robotics_intro_task/build/cpp_pub
[0.619s] Level 1:colcon.colcon_core.environment:checking '/home/omar/repos/Robotics_intro_task/install/cpp_pub' for CMake module files
[0.619s] Level 1:colcon.colcon_core.environment:checking '/home/omar/repos/Robotics_intro_task/install/cpp_pub' for CMake config files
[0.620s] Level 1:colcon.colcon_core.shell:create_environment_hook('cpp_pub', 'cmake_prefix_path')
[0.621s] INFO:colcon.colcon_core.shell:Creating environment hook '/home/omar/repos/Robotics_intro_task/install/cpp_pub/share/cpp_pub/hook/cmake_prefix_path.ps1'
[0.621s] INFO:colcon.colcon_core.shell:Creating environment descriptor '/home/omar/repos/Robotics_intro_task/install/cpp_pub/share/cpp_pub/hook/cmake_prefix_path.dsv'
[0.622s] INFO:colcon.colcon_core.shell:Creating environment hook '/home/omar/repos/Robotics_intro_task/install/cpp_pub/share/cpp_pub/hook/cmake_prefix_path.sh'
[0.622s] Level 1:colcon.colcon_core.environment:checking '/home/omar/repos/Robotics_intro_task/install/cpp_pub/lib'
[0.622s] Level 1:colcon.colcon_core.environment:checking '/home/omar/repos/Robotics_intro_task/install/cpp_pub/bin'
[0.622s] Level 1:colcon.colcon_core.environment:checking '/home/omar/repos/Robotics_intro_task/install/cpp_pub/lib/pkgconfig/cpp_pub.pc'
[0.623s] Level 1:colcon.colcon_core.environment:checking '/home/omar/repos/Robotics_intro_task/install/cpp_pub/lib/python3.10/site-packages'
[0.623s] Level 1:colcon.colcon_core.environment:checking '/home/omar/repos/Robotics_intro_task/install/cpp_pub/bin'
[0.624s] INFO:colcon.colcon_core.shell:Creating package script '/home/omar/repos/Robotics_intro_task/install/cpp_pub/share/cpp_pub/package.ps1'
[0.624s] INFO:colcon.colcon_core.shell:Creating package descriptor '/home/omar/repos/Robotics_intro_task/install/cpp_pub/share/cpp_pub/package.dsv'
[0.625s] INFO:colcon.colcon_core.shell:Creating package script '/home/omar/repos/Robotics_intro_task/install/cpp_pub/share/cpp_pub/package.sh'
[0.626s] INFO:colcon.colcon_core.shell:Creating package script '/home/omar/repos/Robotics_intro_task/install/cpp_pub/share/cpp_pub/package.bash'
[0.626s] INFO:colcon.colcon_core.shell:Creating package script '/home/omar/repos/Robotics_intro_task/install/cpp_pub/share/cpp_pub/package.zsh'
[0.627s] Level 1:colcon.colcon_core.environment:create_file_with_runtime_dependencies(/home/omar/repos/Robotics_intro_task/install/cpp_pub/share/colcon-core/packages/cpp_pub)
[0.644s] Level 1:colcon.colcon_core.environment:create_environment_scripts_only(cpp_pub)
[0.646s] Level 1:colcon.colcon_core.environment:checking '/home/omar/repos/Robotics_intro_task/install/cpp_pub' for CMake module files
[0.646s] Level 1:colcon.colcon_core.environment:checking '/home/omar/repos/Robotics_intro_task/install/cpp_pub' for CMake config files
[0.646s] Level 1:colcon.colcon_core.shell:create_environment_hook('cpp_pub', 'cmake_prefix_path')
[0.647s] INFO:colcon.colcon_core.shell:Creating environment hook '/home/omar/repos/Robotics_intro_task/install/cpp_pub/share/cpp_pub/hook/cmake_prefix_path.ps1'
[0.648s] INFO:colcon.colcon_core.shell:Creating environment descriptor '/home/omar/repos/Robotics_intro_task/install/cpp_pub/share/cpp_pub/hook/cmake_prefix_path.dsv'
[0.648s] INFO:colcon.colcon_core.shell:Creating environment hook '/home/omar/repos/Robotics_intro_task/install/cpp_pub/share/cpp_pub/hook/cmake_prefix_path.sh'
[0.648s] Level 1:colcon.colcon_core.environment:checking '/home/omar/repos/Robotics_intro_task/install/cpp_pub/lib'
[0.649s] Level 1:colcon.colcon_core.environment:checking '/home/omar/repos/Robotics_intro_task/install/cpp_pub/bin'
[0.649s] Level 1:colcon.colcon_core.environment:checking '/home/omar/repos/Robotics_intro_task/install/cpp_pub/lib/pkgconfig/cpp_pub.pc'
[0.649s] Level 1:colcon.colcon_core.environment:checking '/home/omar/repos/Robotics_intro_task/install/cpp_pub/lib/python3.10/site-packages'
[0.649s] Level 1:colcon.colcon_core.environment:checking '/home/omar/repos/Robotics_intro_task/install/cpp_pub/bin'
[0.650s] INFO:colcon.colcon_core.shell:Creating package script '/home/omar/repos/Robotics_intro_task/install/cpp_pub/share/cpp_pub/package.ps1'
[0.651s] INFO:colcon.colcon_core.shell:Creating package descriptor '/home/omar/repos/Robotics_intro_task/install/cpp_pub/share/cpp_pub/package.dsv'
[0.651s] INFO:colcon.colcon_core.shell:Creating package script '/home/omar/repos/Robotics_intro_task/install/cpp_pub/share/cpp_pub/package.sh'
[0.651s] INFO:colcon.colcon_core.shell:Creating package script '/home/omar/repos/Robotics_intro_task/install/cpp_pub/share/cpp_pub/package.bash'
[0.652s] INFO:colcon.colcon_core.shell:Creating package script '/home/omar/repos/Robotics_intro_task/install/cpp_pub/share/cpp_pub/package.zsh'
[0.652s] Level 1:colcon.colcon_core.environment:create_file_with_runtime_dependencies(/home/omar/repos/Robotics_intro_task/install/cpp_pub/share/colcon-core/packages/cpp_pub)
[0.854s] DEBUG:colcon.colcon_core.event_handler.log_command:Invoking command in '/home/omar/repos/Robotics_intro_task/src/py_sub': PYTHONPATH=/home/omar/repos/Robotics_intro_task/install/py_sub/lib/python3.10/site-packages:${PYTHONPATH} /usr/bin/python3 setup.py egg_info --egg-base ../../build/py_sub build --build-base /home/omar/repos/Robotics_intro_task/build/py_sub/build install --prefix /home/omar/repos/Robotics_intro_task/install/py_sub --record /home/omar/repos/Robotics_intro_task/build/py_sub/install.log --single-version-externally-managed
[1.093s] Level 1:colcon.colcon_core.environment:checking '/home/omar/repos/Robotics_intro_task/install/py_sub' for CMake module files
[1.094s] DEBUG:colcon.colcon_core.event_handler.log_command:Invoked command in '/home/omar/repos/Robotics_intro_task/src/py_sub' returned '0': PYTHONPATH=/home/omar/repos/Robotics_intro_task/install/py_sub/lib/python3.10/site-packages:${PYTHONPATH} /usr/bin/python3 setup.py egg_info --egg-base ../../build/py_sub build --build-base /home/omar/repos/Robotics_intro_task/build/py_sub/build install --prefix /home/omar/repos/Robotics_intro_task/install/py_sub --record /home/omar/repos/Robotics_intro_task/build/py_sub/install.log --single-version-externally-managed
[1.094s] Level 1:colcon.colcon_core.environment:checking '/home/omar/repos/Robotics_intro_task/install/py_sub' for CMake config files
[1.094s] Level 1:colcon.colcon_core.environment:checking '/home/omar/repos/Robotics_intro_task/install/py_sub/lib'
[1.094s] Level 1:colcon.colcon_core.environment:checking '/home/omar/repos/Robotics_intro_task/install/py_sub/bin'
[1.094s] Level 1:colcon.colcon_core.environment:checking '/home/omar/repos/Robotics_intro_task/install/py_sub/lib/pkgconfig/py_sub.pc'
[1.095s] Level 1:colcon.colcon_core.environment:checking '/home/omar/repos/Robotics_intro_task/install/py_sub/lib/python3.10/site-packages'
[1.095s] Level 1:colcon.colcon_core.shell:create_environment_hook('py_sub', 'pythonpath')
[1.096s] INFO:colcon.colcon_core.shell:Creating environment hook '/home/omar/repos/Robotics_intro_task/install/py_sub/share/py_sub/hook/pythonpath.ps1'
[1.096s] INFO:colcon.colcon_core.shell:Creating environment descriptor '/home/omar/repos/Robotics_intro_task/install/py_sub/share/py_sub/hook/pythonpath.dsv'
[1.096s] INFO:colcon.colcon_core.shell:Creating environment hook '/home/omar/repos/Robotics_intro_task/install/py_sub/share/py_sub/hook/pythonpath.sh'
[1.097s] Level 1:colcon.colcon_core.environment:checking '/home/omar/repos/Robotics_intro_task/install/py_sub/bin'
[1.097s] Level 1:colcon.colcon_core.environment:create_environment_scripts_only(py_sub)
[1.099s] INFO:colcon.colcon_core.shell:Creating package script '/home/omar/repos/Robotics_intro_task/install/py_sub/share/py_sub/package.ps1'
[1.099s] INFO:colcon.colcon_core.shell:Creating package descriptor '/home/omar/repos/Robotics_intro_task/install/py_sub/share/py_sub/package.dsv'
[1.099s] INFO:colcon.colcon_core.shell:Creating package script '/home/omar/repos/Robotics_intro_task/install/py_sub/share/py_sub/package.sh'
[1.100s] INFO:colcon.colcon_core.shell:Creating package script '/home/omar/repos/Robotics_intro_task/install/py_sub/share/py_sub/package.bash'
[1.100s] INFO:colcon.colcon_core.shell:Creating package script '/home/omar/repos/Robotics_intro_task/install/py_sub/share/py_sub/package.zsh'
[1.100s] Level 1:colcon.colcon_core.environment:create_file_with_runtime_dependencies(/home/omar/repos/Robotics_intro_task/install/py_sub/share/colcon-core/packages/py_sub)
[1.101s] DEBUG:colcon.colcon_parallel_executor.executor.parallel:closing loop
[1.101s] DEBUG:colcon.colcon_parallel_executor.executor.parallel:loop closed
[1.101s] DEBUG:colcon.colcon_parallel_executor.executor.parallel:run_until_complete finished with '0'
[1.101s] DEBUG:colcon.colcon_core.event_reactor:joining thread
[1.106s] INFO:colcon.colcon_core.plugin_system:Skipping extension 'colcon_notification.desktop_notification.terminal_notifier': Not used on non-Darwin systems
[1.106s] INFO:colcon.colcon_core.plugin_system:Skipping extension 'colcon_notification.desktop_notification.win32': Not used on non-Windows systems
[1.106s] INFO:colcon.colcon_notification.desktop_notification:Sending desktop notification using 'notify2'
[1.112s] DEBUG:colcon.colcon_core.event_reactor:joined thread
[1.115s] INFO:colcon.colcon_core.shell:Creating prefix script '/home/omar/repos/Robotics_intro_task/install/local_setup.ps1'
[1.116s] INFO:colcon.colcon_core.shell:Creating prefix util module '/home/omar/repos/Robotics_intro_task/install/_local_setup_util_ps1.py'
[1.117s] INFO:colcon.colcon_core.shell:Creating prefix chain script '/home/omar/repos/Robotics_intro_task/install/setup.ps1'
[1.118s] INFO:colcon.colcon_core.shell:Creating prefix script '/home/omar/repos/Robotics_intro_task/install/local_setup.sh'
[1.119s] INFO:colcon.colcon_core.shell:Creating prefix util module '/home/omar/repos/Robotics_intro_task/install/_local_setup_util_sh.py'
[1.119s] INFO:colcon.colcon_core.shell:Creating prefix chain script '/home/omar/repos/Robotics_intro_task/install/setup.sh'
[1.121s] INFO:colcon.colcon_core.shell:Creating prefix script '/home/omar/repos/Robotics_intro_task/install/local_setup.bash'
[1.121s] INFO:colcon.colcon_core.shell:Creating prefix chain script '/home/omar/repos/Robotics_intro_task/install/setup.bash'
[1.122s] INFO:colcon.colcon_core.shell:Creating prefix script '/home/omar/repos/Robotics_intro_task/install/local_setup.zsh'
[1.123s] INFO:colcon.colcon_core.shell:Creating prefix chain script '/home/omar/repos/Robotics_intro_task/install/setup.zsh'
